versions pytest-7.2.2, python-3.10.10.final.0
cwd=/home/elow/web/www/osrd/tests
args=('-m', 'e2e', '-s', '--debug')

  pytest_cmdline_main [hook]
      config: <_pytest.config.Config object at 0x7f947266ace0>
    pytest_plugin_registered [hook]
        plugin: <Session tests exitstatus='<UNSET>' testsfailed=0 testscollected=0>
        manager: <_pytest.config.PytestPluginManager object at 0x7f94731f7d30>
    finish pytest_plugin_registered --> [] [hook]
    pytest_configure [hook]
        config: <_pytest.config.Config object at 0x7f947266ace0>
      pytest_plugin_registered [hook]
          plugin: <_pytest.cacheprovider.LFPlugin object at 0x7f9471359a20>
          manager: <_pytest.config.PytestPluginManager object at 0x7f94731f7d30>
      finish pytest_plugin_registered --> [] [hook]
      pytest_plugin_registered [hook]
          plugin: <_pytest.cacheprovider.NFPlugin object at 0x7f9471358220>
          manager: <_pytest.config.PytestPluginManager object at 0x7f94731f7d30>
      finish pytest_plugin_registered --> [] [hook]
    early skip of rewriting module: faulthandler [assertion]
      pytest_plugin_registered [hook]
          plugin: <class '_pytest.legacypath.LegacyTmpdirPlugin'>
          manager: <_pytest.config.PytestPluginManager object at 0x7f94731f7d30>
      finish pytest_plugin_registered --> [] [hook]
    early skip of rewriting module: pdb [assertion]
    early skip of rewriting module: cmd [assertion]
    early skip of rewriting module: code [assertion]
    early skip of rewriting module: codeop [assertion]
      pytest_plugin_registered [hook]
          plugin: <_pytest.config.PytestPluginManager object at 0x7f94731f7d30>
          manager: <_pytest.config.PytestPluginManager object at 0x7f94731f7d30>
      finish pytest_plugin_registered --> [] [hook]
      pytest_plugin_registered [hook]
          plugin: <_pytest.config.Config object at 0x7f947266ace0>
          manager: <_pytest.config.PytestPluginManager object at 0x7f94731f7d30>
      finish pytest_plugin_registered --> [] [hook]
      pytest_plugin_registered [hook]
          plugin: <module '_pytest.mark' from '/home/elow/.cache/pypoetry/virtualenvs/tests-W4JHIXe3-py3.10/lib/python3.10/site-packages/_pytest/mark/__init__.py'>
          manager: <_pytest.config.PytestPluginManager object at 0x7f94731f7d30>
      finish pytest_plugin_registered --> [] [hook]
      pytest_plugin_registered [hook]
          plugin: <module '_pytest.main' from '/home/elow/.cache/pypoetry/virtualenvs/tests-W4JHIXe3-py3.10/lib/python3.10/site-packages/_pytest/main.py'>
          manager: <_pytest.config.PytestPluginManager object at 0x7f94731f7d30>
      finish pytest_plugin_registered --> [] [hook]
      pytest_plugin_registered [hook]
          plugin: <module '_pytest.runner' from '/home/elow/.cache/pypoetry/virtualenvs/tests-W4JHIXe3-py3.10/lib/python3.10/site-packages/_pytest/runner.py'>
          manager: <_pytest.config.PytestPluginManager object at 0x7f94731f7d30>
      finish pytest_plugin_registered --> [] [hook]
      pytest_plugin_registered [hook]
          plugin: <module '_pytest.fixtures' from '/home/elow/.cache/pypoetry/virtualenvs/tests-W4JHIXe3-py3.10/lib/python3.10/site-packages/_pytest/fixtures.py'>
          manager: <_pytest.config.PytestPluginManager object at 0x7f94731f7d30>
      finish pytest_plugin_registered --> [] [hook]
      pytest_plugin_registered [hook]
          plugin: <module '_pytest.helpconfig' from '/home/elow/.cache/pypoetry/virtualenvs/tests-W4JHIXe3-py3.10/lib/python3.10/site-packages/_pytest/helpconfig.py'>
          manager: <_pytest.config.PytestPluginManager object at 0x7f94731f7d30>
      finish pytest_plugin_registered --> [] [hook]
      pytest_plugin_registered [hook]
          plugin: <module '_pytest.python' from '/home/elow/.cache/pypoetry/virtualenvs/tests-W4JHIXe3-py3.10/lib/python3.10/site-packages/_pytest/python.py'>
          manager: <_pytest.config.PytestPluginManager object at 0x7f94731f7d30>
      finish pytest_plugin_registered --> [] [hook]
      pytest_plugin_registered [hook]
          plugin: <module '_pytest.terminal' from '/home/elow/.cache/pypoetry/virtualenvs/tests-W4JHIXe3-py3.10/lib/python3.10/site-packages/_pytest/terminal.py'>
          manager: <_pytest.config.PytestPluginManager object at 0x7f94731f7d30>
      finish pytest_plugin_registered --> [] [hook]
      pytest_plugin_registered [hook]
          plugin: <module '_pytest.debugging' from '/home/elow/.cache/pypoetry/virtualenvs/tests-W4JHIXe3-py3.10/lib/python3.10/site-packages/_pytest/debugging.py'>
          manager: <_pytest.config.PytestPluginManager object at 0x7f94731f7d30>
      finish pytest_plugin_registered --> [] [hook]
      pytest_plugin_registered [hook]
          plugin: <module '_pytest.unittest' from '/home/elow/.cache/pypoetry/virtualenvs/tests-W4JHIXe3-py3.10/lib/python3.10/site-packages/_pytest/unittest.py'>
          manager: <_pytest.config.PytestPluginManager object at 0x7f94731f7d30>
      finish pytest_plugin_registered --> [] [hook]
      pytest_plugin_registered [hook]
          plugin: <module '_pytest.capture' from '/home/elow/.cache/pypoetry/virtualenvs/tests-W4JHIXe3-py3.10/lib/python3.10/site-packages/_pytest/capture.py'>
          manager: <_pytest.config.PytestPluginManager object at 0x7f94731f7d30>
      finish pytest_plugin_registered --> [] [hook]
      pytest_plugin_registered [hook]
          plugin: <module '_pytest.skipping' from '/home/elow/.cache/pypoetry/virtualenvs/tests-W4JHIXe3-py3.10/lib/python3.10/site-packages/_pytest/skipping.py'>
          manager: <_pytest.config.PytestPluginManager object at 0x7f94731f7d30>
      finish pytest_plugin_registered --> [] [hook]
      pytest_plugin_registered [hook]
          plugin: <module '_pytest.legacypath' from '/home/elow/.cache/pypoetry/virtualenvs/tests-W4JHIXe3-py3.10/lib/python3.10/site-packages/_pytest/legacypath.py'>
          manager: <_pytest.config.PytestPluginManager object at 0x7f94731f7d30>
      finish pytest_plugin_registered --> [] [hook]
      pytest_plugin_registered [hook]
          plugin: <module '_pytest.tmpdir' from '/home/elow/.cache/pypoetry/virtualenvs/tests-W4JHIXe3-py3.10/lib/python3.10/site-packages/_pytest/tmpdir.py'>
          manager: <_pytest.config.PytestPluginManager object at 0x7f94731f7d30>
      finish pytest_plugin_registered --> [] [hook]
      pytest_plugin_registered [hook]
          plugin: <module '_pytest.monkeypatch' from '/home/elow/.cache/pypoetry/virtualenvs/tests-W4JHIXe3-py3.10/lib/python3.10/site-packages/_pytest/monkeypatch.py'>
          manager: <_pytest.config.PytestPluginManager object at 0x7f94731f7d30>
      finish pytest_plugin_registered --> [] [hook]
      pytest_plugin_registered [hook]
          plugin: <module '_pytest.recwarn' from '/home/elow/.cache/pypoetry/virtualenvs/tests-W4JHIXe3-py3.10/lib/python3.10/site-packages/_pytest/recwarn.py'>
          manager: <_pytest.config.PytestPluginManager object at 0x7f94731f7d30>
      finish pytest_plugin_registered --> [] [hook]
      pytest_plugin_registered [hook]
          plugin: <module '_pytest.pastebin' from '/home/elow/.cache/pypoetry/virtualenvs/tests-W4JHIXe3-py3.10/lib/python3.10/site-packages/_pytest/pastebin.py'>
          manager: <_pytest.config.PytestPluginManager object at 0x7f94731f7d30>
      finish pytest_plugin_registered --> [] [hook]
      pytest_plugin_registered [hook]
          plugin: <module '_pytest.nose' from '/home/elow/.cache/pypoetry/virtualenvs/tests-W4JHIXe3-py3.10/lib/python3.10/site-packages/_pytest/nose.py'>
          manager: <_pytest.config.PytestPluginManager object at 0x7f94731f7d30>
      finish pytest_plugin_registered --> [] [hook]
      pytest_plugin_registered [hook]
          plugin: <module '_pytest.assertion' from '/home/elow/.cache/pypoetry/virtualenvs/tests-W4JHIXe3-py3.10/lib/python3.10/site-packages/_pytest/assertion/__init__.py'>
          manager: <_pytest.config.PytestPluginManager object at 0x7f94731f7d30>
      finish pytest_plugin_registered --> [] [hook]
      pytest_plugin_registered [hook]
          plugin: <module '_pytest.junitxml' from '/home/elow/.cache/pypoetry/virtualenvs/tests-W4JHIXe3-py3.10/lib/python3.10/site-packages/_pytest/junitxml.py'>
          manager: <_pytest.config.PytestPluginManager object at 0x7f94731f7d30>
      finish pytest_plugin_registered --> [] [hook]
      pytest_plugin_registered [hook]
          plugin: <module '_pytest.doctest' from '/home/elow/.cache/pypoetry/virtualenvs/tests-W4JHIXe3-py3.10/lib/python3.10/site-packages/_pytest/doctest.py'>
          manager: <_pytest.config.PytestPluginManager object at 0x7f94731f7d30>
      finish pytest_plugin_registered --> [] [hook]
      pytest_plugin_registered [hook]
          plugin: <module '_pytest.cacheprovider' from '/home/elow/.cache/pypoetry/virtualenvs/tests-W4JHIXe3-py3.10/lib/python3.10/site-packages/_pytest/cacheprovider.py'>
          manager: <_pytest.config.PytestPluginManager object at 0x7f94731f7d30>
      finish pytest_plugin_registered --> [] [hook]
      pytest_plugin_registered [hook]
          plugin: <module '_pytest.freeze_support' from '/home/elow/.cache/pypoetry/virtualenvs/tests-W4JHIXe3-py3.10/lib/python3.10/site-packages/_pytest/freeze_support.py'>
          manager: <_pytest.config.PytestPluginManager object at 0x7f94731f7d30>
      finish pytest_plugin_registered --> [] [hook]
      pytest_plugin_registered [hook]
          plugin: <module '_pytest.setuponly' from '/home/elow/.cache/pypoetry/virtualenvs/tests-W4JHIXe3-py3.10/lib/python3.10/site-packages/_pytest/setuponly.py'>
          manager: <_pytest.config.PytestPluginManager object at 0x7f94731f7d30>
      finish pytest_plugin_registered --> [] [hook]
      pytest_plugin_registered [hook]
          plugin: <module '_pytest.setupplan' from '/home/elow/.cache/pypoetry/virtualenvs/tests-W4JHIXe3-py3.10/lib/python3.10/site-packages/_pytest/setupplan.py'>
          manager: <_pytest.config.PytestPluginManager object at 0x7f94731f7d30>
      finish pytest_plugin_registered --> [] [hook]
      pytest_plugin_registered [hook]
          plugin: <module '_pytest.stepwise' from '/home/elow/.cache/pypoetry/virtualenvs/tests-W4JHIXe3-py3.10/lib/python3.10/site-packages/_pytest/stepwise.py'>
          manager: <_pytest.config.PytestPluginManager object at 0x7f94731f7d30>
      finish pytest_plugin_registered --> [] [hook]
      pytest_plugin_registered [hook]
          plugin: <module '_pytest.warnings' from '/home/elow/.cache/pypoetry/virtualenvs/tests-W4JHIXe3-py3.10/lib/python3.10/site-packages/_pytest/warnings.py'>
          manager: <_pytest.config.PytestPluginManager object at 0x7f94731f7d30>
      finish pytest_plugin_registered --> [] [hook]
      pytest_plugin_registered [hook]
          plugin: <module '_pytest.logging' from '/home/elow/.cache/pypoetry/virtualenvs/tests-W4JHIXe3-py3.10/lib/python3.10/site-packages/_pytest/logging.py'>
          manager: <_pytest.config.PytestPluginManager object at 0x7f94731f7d30>
      finish pytest_plugin_registered --> [] [hook]
      pytest_plugin_registered [hook]
          plugin: <module '_pytest.reports' from '/home/elow/.cache/pypoetry/virtualenvs/tests-W4JHIXe3-py3.10/lib/python3.10/site-packages/_pytest/reports.py'>
          manager: <_pytest.config.PytestPluginManager object at 0x7f94731f7d30>
      finish pytest_plugin_registered --> [] [hook]
      pytest_plugin_registered [hook]
          plugin: <module '_pytest.python_path' from '/home/elow/.cache/pypoetry/virtualenvs/tests-W4JHIXe3-py3.10/lib/python3.10/site-packages/_pytest/python_path.py'>
          manager: <_pytest.config.PytestPluginManager object at 0x7f94731f7d30>
      finish pytest_plugin_registered --> [] [hook]
      pytest_plugin_registered [hook]
          plugin: <module '_pytest.unraisableexception' from '/home/elow/.cache/pypoetry/virtualenvs/tests-W4JHIXe3-py3.10/lib/python3.10/site-packages/_pytest/unraisableexception.py'>
          manager: <_pytest.config.PytestPluginManager object at 0x7f94731f7d30>
      finish pytest_plugin_registered --> [] [hook]
      pytest_plugin_registered [hook]
          plugin: <module '_pytest.threadexception' from '/home/elow/.cache/pypoetry/virtualenvs/tests-W4JHIXe3-py3.10/lib/python3.10/site-packages/_pytest/threadexception.py'>
          manager: <_pytest.config.PytestPluginManager object at 0x7f94731f7d30>
      finish pytest_plugin_registered --> [] [hook]
      pytest_plugin_registered [hook]
          plugin: <module '_pytest.faulthandler' from '/home/elow/.cache/pypoetry/virtualenvs/tests-W4JHIXe3-py3.10/lib/python3.10/site-packages/_pytest/faulthandler.py'>
          manager: <_pytest.config.PytestPluginManager object at 0x7f94731f7d30>
      finish pytest_plugin_registered --> [] [hook]
      pytest_plugin_registered [hook]
          plugin: <CaptureManager _method='no' _global_capturing=<MultiCapture out=None err=None in_=None _state='suspended' _in_suspended=False> _capture_fixture=None>
          manager: <_pytest.config.PytestPluginManager object at 0x7f94731f7d30>
      finish pytest_plugin_registered --> [] [hook]
      pytest_plugin_registered [hook]
          plugin: <module 'conftest' from '/home/elow/web/www/osrd/tests/conftest.py'>
          manager: <_pytest.config.PytestPluginManager object at 0x7f94731f7d30>
      finish pytest_plugin_registered --> [] [hook]
      pytest_plugin_registered [hook]
          plugin: <Session tests exitstatus=<ExitCode.OK: 0> testsfailed=0 testscollected=0>
          manager: <_pytest.config.PytestPluginManager object at 0x7f94731f7d30>
      finish pytest_plugin_registered --> [] [hook]
      pytest_plugin_registered [hook]
          plugin: <_pytest.cacheprovider.LFPlugin object at 0x7f9471359a20>
          manager: <_pytest.config.PytestPluginManager object at 0x7f94731f7d30>
      finish pytest_plugin_registered --> [] [hook]
      pytest_plugin_registered [hook]
          plugin: <_pytest.cacheprovider.NFPlugin object at 0x7f9471358220>
          manager: <_pytest.config.PytestPluginManager object at 0x7f94731f7d30>
      finish pytest_plugin_registered --> [] [hook]
      pytest_plugin_registered [hook]
          plugin: <class '_pytest.legacypath.LegacyTmpdirPlugin'>
          manager: <_pytest.config.PytestPluginManager object at 0x7f94731f7d30>
      finish pytest_plugin_registered --> [] [hook]
      pytest_plugin_registered [hook]
          plugin: <_pytest.terminal.TerminalReporter object at 0x7f9471358580>
          manager: <_pytest.config.PytestPluginManager object at 0x7f94731f7d30>
      finish pytest_plugin_registered --> [] [hook]
      pytest_plugin_registered [hook]
          plugin: <_pytest.logging.LoggingPlugin object at 0x7f9471358790>
          manager: <_pytest.config.PytestPluginManager object at 0x7f94731f7d30>
      finish pytest_plugin_registered --> [] [hook]
    finish pytest_configure --> [] [hook]
    pytest_sessionstart [hook]
        session: <Session tests exitstatus=<ExitCode.OK: 0> testsfailed=0 testscollected=0>
      pytest_plugin_registered [hook]
          plugin: <_pytest.config.PytestPluginManager object at 0x7f94731f7d30>
          manager: <_pytest.config.PytestPluginManager object at 0x7f94731f7d30>
      finish pytest_plugin_registered --> [] [hook]
      pytest_plugin_registered [hook]
          plugin: <_pytest.config.Config object at 0x7f947266ace0>
          manager: <_pytest.config.PytestPluginManager object at 0x7f94731f7d30>
      finish pytest_plugin_registered --> [] [hook]
      pytest_plugin_registered [hook]
          plugin: <module '_pytest.mark' from '/home/elow/.cache/pypoetry/virtualenvs/tests-W4JHIXe3-py3.10/lib/python3.10/site-packages/_pytest/mark/__init__.py'>
          manager: <_pytest.config.PytestPluginManager object at 0x7f94731f7d30>
      finish pytest_plugin_registered --> [] [hook]
      pytest_plugin_registered [hook]
          plugin: <module '_pytest.main' from '/home/elow/.cache/pypoetry/virtualenvs/tests-W4JHIXe3-py3.10/lib/python3.10/site-packages/_pytest/main.py'>
          manager: <_pytest.config.PytestPluginManager object at 0x7f94731f7d30>
      finish pytest_plugin_registered --> [] [hook]
      pytest_plugin_registered [hook]
          plugin: <module '_pytest.runner' from '/home/elow/.cache/pypoetry/virtualenvs/tests-W4JHIXe3-py3.10/lib/python3.10/site-packages/_pytest/runner.py'>
          manager: <_pytest.config.PytestPluginManager object at 0x7f94731f7d30>
      finish pytest_plugin_registered --> [] [hook]
      pytest_plugin_registered [hook]
          plugin: <module '_pytest.fixtures' from '/home/elow/.cache/pypoetry/virtualenvs/tests-W4JHIXe3-py3.10/lib/python3.10/site-packages/_pytest/fixtures.py'>
          manager: <_pytest.config.PytestPluginManager object at 0x7f94731f7d30>
      finish pytest_plugin_registered --> [] [hook]
      pytest_plugin_registered [hook]
          plugin: <module '_pytest.helpconfig' from '/home/elow/.cache/pypoetry/virtualenvs/tests-W4JHIXe3-py3.10/lib/python3.10/site-packages/_pytest/helpconfig.py'>
          manager: <_pytest.config.PytestPluginManager object at 0x7f94731f7d30>
      finish pytest_plugin_registered --> [] [hook]
      pytest_plugin_registered [hook]
          plugin: <module '_pytest.python' from '/home/elow/.cache/pypoetry/virtualenvs/tests-W4JHIXe3-py3.10/lib/python3.10/site-packages/_pytest/python.py'>
          manager: <_pytest.config.PytestPluginManager object at 0x7f94731f7d30>
      finish pytest_plugin_registered --> [] [hook]
      pytest_plugin_registered [hook]
          plugin: <module '_pytest.terminal' from '/home/elow/.cache/pypoetry/virtualenvs/tests-W4JHIXe3-py3.10/lib/python3.10/site-packages/_pytest/terminal.py'>
          manager: <_pytest.config.PytestPluginManager object at 0x7f94731f7d30>
      finish pytest_plugin_registered --> [] [hook]
      pytest_plugin_registered [hook]
          plugin: <module '_pytest.debugging' from '/home/elow/.cache/pypoetry/virtualenvs/tests-W4JHIXe3-py3.10/lib/python3.10/site-packages/_pytest/debugging.py'>
          manager: <_pytest.config.PytestPluginManager object at 0x7f94731f7d30>
      finish pytest_plugin_registered --> [] [hook]
      pytest_plugin_registered [hook]
          plugin: <module '_pytest.unittest' from '/home/elow/.cache/pypoetry/virtualenvs/tests-W4JHIXe3-py3.10/lib/python3.10/site-packages/_pytest/unittest.py'>
          manager: <_pytest.config.PytestPluginManager object at 0x7f94731f7d30>
      finish pytest_plugin_registered --> [] [hook]
      pytest_plugin_registered [hook]
          plugin: <module '_pytest.capture' from '/home/elow/.cache/pypoetry/virtualenvs/tests-W4JHIXe3-py3.10/lib/python3.10/site-packages/_pytest/capture.py'>
          manager: <_pytest.config.PytestPluginManager object at 0x7f94731f7d30>
      finish pytest_plugin_registered --> [] [hook]
      pytest_plugin_registered [hook]
          plugin: <module '_pytest.skipping' from '/home/elow/.cache/pypoetry/virtualenvs/tests-W4JHIXe3-py3.10/lib/python3.10/site-packages/_pytest/skipping.py'>
          manager: <_pytest.config.PytestPluginManager object at 0x7f94731f7d30>
      finish pytest_plugin_registered --> [] [hook]
      pytest_plugin_registered [hook]
          plugin: <module '_pytest.legacypath' from '/home/elow/.cache/pypoetry/virtualenvs/tests-W4JHIXe3-py3.10/lib/python3.10/site-packages/_pytest/legacypath.py'>
          manager: <_pytest.config.PytestPluginManager object at 0x7f94731f7d30>
      finish pytest_plugin_registered --> [] [hook]
      pytest_plugin_registered [hook]
          plugin: <module '_pytest.tmpdir' from '/home/elow/.cache/pypoetry/virtualenvs/tests-W4JHIXe3-py3.10/lib/python3.10/site-packages/_pytest/tmpdir.py'>
          manager: <_pytest.config.PytestPluginManager object at 0x7f94731f7d30>
      finish pytest_plugin_registered --> [] [hook]
      pytest_plugin_registered [hook]
          plugin: <module '_pytest.monkeypatch' from '/home/elow/.cache/pypoetry/virtualenvs/tests-W4JHIXe3-py3.10/lib/python3.10/site-packages/_pytest/monkeypatch.py'>
          manager: <_pytest.config.PytestPluginManager object at 0x7f94731f7d30>
      finish pytest_plugin_registered --> [] [hook]
      pytest_plugin_registered [hook]
          plugin: <module '_pytest.recwarn' from '/home/elow/.cache/pypoetry/virtualenvs/tests-W4JHIXe3-py3.10/lib/python3.10/site-packages/_pytest/recwarn.py'>
          manager: <_pytest.config.PytestPluginManager object at 0x7f94731f7d30>
      finish pytest_plugin_registered --> [] [hook]
      pytest_plugin_registered [hook]
          plugin: <module '_pytest.pastebin' from '/home/elow/.cache/pypoetry/virtualenvs/tests-W4JHIXe3-py3.10/lib/python3.10/site-packages/_pytest/pastebin.py'>
          manager: <_pytest.config.PytestPluginManager object at 0x7f94731f7d30>
      finish pytest_plugin_registered --> [] [hook]
      pytest_plugin_registered [hook]
          plugin: <module '_pytest.nose' from '/home/elow/.cache/pypoetry/virtualenvs/tests-W4JHIXe3-py3.10/lib/python3.10/site-packages/_pytest/nose.py'>
          manager: <_pytest.config.PytestPluginManager object at 0x7f94731f7d30>
      finish pytest_plugin_registered --> [] [hook]
      pytest_plugin_registered [hook]
          plugin: <module '_pytest.assertion' from '/home/elow/.cache/pypoetry/virtualenvs/tests-W4JHIXe3-py3.10/lib/python3.10/site-packages/_pytest/assertion/__init__.py'>
          manager: <_pytest.config.PytestPluginManager object at 0x7f94731f7d30>
      finish pytest_plugin_registered --> [] [hook]
      pytest_plugin_registered [hook]
          plugin: <module '_pytest.junitxml' from '/home/elow/.cache/pypoetry/virtualenvs/tests-W4JHIXe3-py3.10/lib/python3.10/site-packages/_pytest/junitxml.py'>
          manager: <_pytest.config.PytestPluginManager object at 0x7f94731f7d30>
      finish pytest_plugin_registered --> [] [hook]
      pytest_plugin_registered [hook]
          plugin: <module '_pytest.doctest' from '/home/elow/.cache/pypoetry/virtualenvs/tests-W4JHIXe3-py3.10/lib/python3.10/site-packages/_pytest/doctest.py'>
          manager: <_pytest.config.PytestPluginManager object at 0x7f94731f7d30>
      finish pytest_plugin_registered --> [] [hook]
      pytest_plugin_registered [hook]
          plugin: <module '_pytest.cacheprovider' from '/home/elow/.cache/pypoetry/virtualenvs/tests-W4JHIXe3-py3.10/lib/python3.10/site-packages/_pytest/cacheprovider.py'>
          manager: <_pytest.config.PytestPluginManager object at 0x7f94731f7d30>
      finish pytest_plugin_registered --> [] [hook]
      pytest_plugin_registered [hook]
          plugin: <module '_pytest.freeze_support' from '/home/elow/.cache/pypoetry/virtualenvs/tests-W4JHIXe3-py3.10/lib/python3.10/site-packages/_pytest/freeze_support.py'>
          manager: <_pytest.config.PytestPluginManager object at 0x7f94731f7d30>
      finish pytest_plugin_registered --> [] [hook]
      pytest_plugin_registered [hook]
          plugin: <module '_pytest.setuponly' from '/home/elow/.cache/pypoetry/virtualenvs/tests-W4JHIXe3-py3.10/lib/python3.10/site-packages/_pytest/setuponly.py'>
          manager: <_pytest.config.PytestPluginManager object at 0x7f94731f7d30>
      finish pytest_plugin_registered --> [] [hook]
      pytest_plugin_registered [hook]
          plugin: <module '_pytest.setupplan' from '/home/elow/.cache/pypoetry/virtualenvs/tests-W4JHIXe3-py3.10/lib/python3.10/site-packages/_pytest/setupplan.py'>
          manager: <_pytest.config.PytestPluginManager object at 0x7f94731f7d30>
      finish pytest_plugin_registered --> [] [hook]
      pytest_plugin_registered [hook]
          plugin: <module '_pytest.stepwise' from '/home/elow/.cache/pypoetry/virtualenvs/tests-W4JHIXe3-py3.10/lib/python3.10/site-packages/_pytest/stepwise.py'>
          manager: <_pytest.config.PytestPluginManager object at 0x7f94731f7d30>
      finish pytest_plugin_registered --> [] [hook]
      pytest_plugin_registered [hook]
          plugin: <module '_pytest.warnings' from '/home/elow/.cache/pypoetry/virtualenvs/tests-W4JHIXe3-py3.10/lib/python3.10/site-packages/_pytest/warnings.py'>
          manager: <_pytest.config.PytestPluginManager object at 0x7f94731f7d30>
      finish pytest_plugin_registered --> [] [hook]
      pytest_plugin_registered [hook]
          plugin: <module '_pytest.logging' from '/home/elow/.cache/pypoetry/virtualenvs/tests-W4JHIXe3-py3.10/lib/python3.10/site-packages/_pytest/logging.py'>
          manager: <_pytest.config.PytestPluginManager object at 0x7f94731f7d30>
      finish pytest_plugin_registered --> [] [hook]
      pytest_plugin_registered [hook]
          plugin: <module '_pytest.reports' from '/home/elow/.cache/pypoetry/virtualenvs/tests-W4JHIXe3-py3.10/lib/python3.10/site-packages/_pytest/reports.py'>
          manager: <_pytest.config.PytestPluginManager object at 0x7f94731f7d30>
      finish pytest_plugin_registered --> [] [hook]
      pytest_plugin_registered [hook]
          plugin: <module '_pytest.python_path' from '/home/elow/.cache/pypoetry/virtualenvs/tests-W4JHIXe3-py3.10/lib/python3.10/site-packages/_pytest/python_path.py'>
          manager: <_pytest.config.PytestPluginManager object at 0x7f94731f7d30>
      finish pytest_plugin_registered --> [] [hook]
      pytest_plugin_registered [hook]
          plugin: <module '_pytest.unraisableexception' from '/home/elow/.cache/pypoetry/virtualenvs/tests-W4JHIXe3-py3.10/lib/python3.10/site-packages/_pytest/unraisableexception.py'>
          manager: <_pytest.config.PytestPluginManager object at 0x7f94731f7d30>
      finish pytest_plugin_registered --> [] [hook]
      pytest_plugin_registered [hook]
          plugin: <module '_pytest.threadexception' from '/home/elow/.cache/pypoetry/virtualenvs/tests-W4JHIXe3-py3.10/lib/python3.10/site-packages/_pytest/threadexception.py'>
          manager: <_pytest.config.PytestPluginManager object at 0x7f94731f7d30>
      finish pytest_plugin_registered --> [] [hook]
      pytest_plugin_registered [hook]
          plugin: <module '_pytest.faulthandler' from '/home/elow/.cache/pypoetry/virtualenvs/tests-W4JHIXe3-py3.10/lib/python3.10/site-packages/_pytest/faulthandler.py'>
          manager: <_pytest.config.PytestPluginManager object at 0x7f94731f7d30>
      finish pytest_plugin_registered --> [] [hook]
      pytest_plugin_registered [hook]
          plugin: <CaptureManager _method='no' _global_capturing=<MultiCapture out=None err=None in_=None _state='suspended' _in_suspended=False> _capture_fixture=None>
          manager: <_pytest.config.PytestPluginManager object at 0x7f94731f7d30>
      finish pytest_plugin_registered --> [] [hook]
      pytest_plugin_registered [hook]
          plugin: <module 'conftest' from '/home/elow/web/www/osrd/tests/conftest.py'>
          manager: <_pytest.config.PytestPluginManager object at 0x7f94731f7d30>
      finish pytest_plugin_registered --> [] [hook]
      pytest_plugin_registered [hook]
          plugin: <Session tests exitstatus=<ExitCode.OK: 0> testsfailed=0 testscollected=0>
          manager: <_pytest.config.PytestPluginManager object at 0x7f94731f7d30>
      finish pytest_plugin_registered --> [] [hook]
      pytest_plugin_registered [hook]
          plugin: <_pytest.cacheprovider.LFPlugin object at 0x7f9471359a20>
          manager: <_pytest.config.PytestPluginManager object at 0x7f94731f7d30>
      finish pytest_plugin_registered --> [] [hook]
      pytest_plugin_registered [hook]
          plugin: <_pytest.cacheprovider.NFPlugin object at 0x7f9471358220>
          manager: <_pytest.config.PytestPluginManager object at 0x7f94731f7d30>
      finish pytest_plugin_registered --> [] [hook]
      pytest_plugin_registered [hook]
          plugin: <class '_pytest.legacypath.LegacyTmpdirPlugin'>
          manager: <_pytest.config.PytestPluginManager object at 0x7f94731f7d30>
      finish pytest_plugin_registered --> [] [hook]
      pytest_plugin_registered [hook]
          plugin: <_pytest.terminal.TerminalReporter object at 0x7f9471358580>
          manager: <_pytest.config.PytestPluginManager object at 0x7f94731f7d30>
      finish pytest_plugin_registered --> [] [hook]
      pytest_plugin_registered [hook]
          plugin: <_pytest.logging.LoggingPlugin object at 0x7f9471358790>
          manager: <_pytest.config.PytestPluginManager object at 0x7f94731f7d30>
      finish pytest_plugin_registered --> [] [hook]
      pytest_plugin_registered [hook]
          plugin: <_pytest.fixtures.FixtureManager object at 0x7f947135a0b0>
          manager: <_pytest.config.PytestPluginManager object at 0x7f94731f7d30>
      finish pytest_plugin_registered --> [] [hook]
      pytest_report_header [hook]
          config: <_pytest.config.Config object at 0x7f947266ace0>
          start_path: /home/elow/web/www/osrd/tests
          startdir: /home/elow/web/www/osrd/tests
      finish pytest_report_header --> [['rootdir: /home/elow/web/www/osrd/tests'], ['using: pytest-7.2.2']] [hook]
    finish pytest_sessionstart --> [] [hook]
    pytest_collection [hook]
        session: <Session tests exitstatus=<ExitCode.OK: 0> testsfailed=0 testscollected=0>
    perform_collect <Session tests exitstatus=<ExitCode.OK: 0> testsfailed=0 testscollected=0> ['/home/elow/web/www/osrd/tests'] [collection]
        pytest_collectstart [hook]
            collector: <Session tests exitstatus=<ExitCode.OK: 0> testsfailed=0 testscollected=0>
        finish pytest_collectstart --> [] [hook]
        pytest_make_collect_report [hook]
            collector: <Session tests exitstatus=<ExitCode.OK: 0> testsfailed=0 testscollected=0>
        processing argument (PosixPath('/home/elow/web/www/osrd/tests'), []) [collection]
            pytest_ignore_collect [hook]
                config: <_pytest.config.Config object at 0x7f947266ace0>
                collection_path: /home/elow/web/www/osrd/tests/README.md
                path: /home/elow/web/www/osrd/tests/README.md
            finish pytest_ignore_collect --> None [hook]
            pytest_collect_file [hook]
                parent: <Session tests exitstatus=<ExitCode.OK: 0> testsfailed=0 testscollected=0>
                file_path: /home/elow/web/www/osrd/tests/README.md
                path: /home/elow/web/www/osrd/tests/README.md
            finish pytest_collect_file --> [] [hook]
            pytest_ignore_collect [hook]
                config: <_pytest.config.Config object at 0x7f947266ace0>
                collection_path: /home/elow/web/www/osrd/tests/conftest.py
                path: /home/elow/web/www/osrd/tests/conftest.py
            finish pytest_ignore_collect --> None [hook]
            pytest_collect_file [hook]
                parent: <Session tests exitstatus=<ExitCode.OK: 0> testsfailed=0 testscollected=0>
                file_path: /home/elow/web/www/osrd/tests/conftest.py
                path: /home/elow/web/www/osrd/tests/conftest.py
            finish pytest_collect_file --> [] [hook]
            pytest_ignore_collect [hook]
                config: <_pytest.config.Config object at 0x7f947266ace0>
                collection_path: /home/elow/web/www/osrd/tests/poetry.lock
                path: /home/elow/web/www/osrd/tests/poetry.lock
            finish pytest_ignore_collect --> None [hook]
            pytest_collect_file [hook]
                parent: <Session tests exitstatus=<ExitCode.OK: 0> testsfailed=0 testscollected=0>
                file_path: /home/elow/web/www/osrd/tests/poetry.lock
                path: /home/elow/web/www/osrd/tests/poetry.lock
            finish pytest_collect_file --> [] [hook]
            pytest_ignore_collect [hook]
                config: <_pytest.config.Config object at 0x7f947266ace0>
                collection_path: /home/elow/web/www/osrd/tests/pyproject.toml
                path: /home/elow/web/www/osrd/tests/pyproject.toml
            finish pytest_ignore_collect --> None [hook]
            pytest_collect_file [hook]
                parent: <Session tests exitstatus=<ExitCode.OK: 0> testsfailed=0 testscollected=0>
                file_path: /home/elow/web/www/osrd/tests/pyproject.toml
                path: /home/elow/web/www/osrd/tests/pyproject.toml
            finish pytest_collect_file --> [] [hook]
            pytest_ignore_collect [hook]
                config: <_pytest.config.Config object at 0x7f947266ace0>
                collection_path: /home/elow/web/www/osrd/tests/pytestdebug.log
                path: /home/elow/web/www/osrd/tests/pytestdebug.log
            finish pytest_ignore_collect --> None [hook]
            pytest_collect_file [hook]
                parent: <Session tests exitstatus=<ExitCode.OK: 0> testsfailed=0 testscollected=0>
                file_path: /home/elow/web/www/osrd/tests/pytestdebug.log
                path: /home/elow/web/www/osrd/tests/pytestdebug.log
            finish pytest_collect_file --> [] [hook]
            pytest_ignore_collect [hook]
                config: <_pytest.config.Config object at 0x7f947266ace0>
                collection_path: /home/elow/web/www/osrd/tests/.pytest_cache
                path: /home/elow/web/www/osrd/tests/.pytest_cache
            finish pytest_ignore_collect --> None [hook]
            pytest_ignore_collect [hook]
                config: <_pytest.config.Config object at 0x7f947266ace0>
                collection_path: /home/elow/web/www/osrd/tests/assets
                path: /home/elow/web/www/osrd/tests/assets
            finish pytest_ignore_collect --> None [hook]
            pytest_ignore_collect [hook]
                config: <_pytest.config.Config object at 0x7f947266ace0>
                collection_path: /home/elow/web/www/osrd/tests/assets/small_infra.png
                path: /home/elow/web/www/osrd/tests/assets/small_infra.png
            finish pytest_ignore_collect --> None [hook]
            pytest_collect_file [hook]
                parent: <Session tests exitstatus=<ExitCode.OK: 0> testsfailed=0 testscollected=0>
                file_path: /home/elow/web/www/osrd/tests/assets/small_infra.png
                path: /home/elow/web/www/osrd/tests/assets/small_infra.png
            finish pytest_collect_file --> [] [hook]
            pytest_ignore_collect [hook]
                config: <_pytest.config.Config object at 0x7f947266ace0>
                collection_path: /home/elow/web/www/osrd/tests/assets/west_to_south_east_parking.png
                path: /home/elow/web/www/osrd/tests/assets/west_to_south_east_parking.png
            finish pytest_ignore_collect --> None [hook]
            pytest_collect_file [hook]
                parent: <Session tests exitstatus=<ExitCode.OK: 0> testsfailed=0 testscollected=0>
                file_path: /home/elow/web/www/osrd/tests/assets/west_to_south_east_parking.png
                path: /home/elow/web/www/osrd/tests/assets/west_to_south_east_parking.png
            finish pytest_collect_file --> [] [hook]
            pytest_ignore_collect [hook]
                config: <_pytest.config.Config object at 0x7f947266ace0>
                collection_path: /home/elow/web/www/osrd/tests/fuzzer
                path: /home/elow/web/www/osrd/tests/fuzzer
            finish pytest_ignore_collect --> None [hook]
            pytest_ignore_collect [hook]
                config: <_pytest.config.Config object at 0x7f947266ace0>
                collection_path: /home/elow/web/www/osrd/tests/fuzzer/fuzzer.py
                path: /home/elow/web/www/osrd/tests/fuzzer/fuzzer.py
            finish pytest_ignore_collect --> None [hook]
            pytest_collect_file [hook]
                parent: <Session tests exitstatus=<ExitCode.OK: 0> testsfailed=0 testscollected=0>
                file_path: /home/elow/web/www/osrd/tests/fuzzer/fuzzer.py
                path: /home/elow/web/www/osrd/tests/fuzzer/fuzzer.py
            finish pytest_collect_file --> [] [hook]
            pytest_ignore_collect [hook]
                config: <_pytest.config.Config object at 0x7f947266ace0>
                collection_path: /home/elow/web/www/osrd/tests/tests
                path: /home/elow/web/www/osrd/tests/tests
            finish pytest_ignore_collect --> None [hook]
            pytest_ignore_collect [hook]
                config: <_pytest.config.Config object at 0x7f947266ace0>
                collection_path: /home/elow/web/www/osrd/tests/tests/__init__.py
                path: /home/elow/web/www/osrd/tests/tests/__init__.py
            finish pytest_ignore_collect --> None [hook]
            pytest_collect_file [hook]
                parent: <Session tests exitstatus=<ExitCode.OK: 0> testsfailed=0 testscollected=0>
                file_path: /home/elow/web/www/osrd/tests/tests/__init__.py
                path: /home/elow/web/www/osrd/tests/tests/__init__.py
              pytest_pycollect_makemodule [hook]
                  parent: <Session tests exitstatus=<ExitCode.OK: 0> testsfailed=0 testscollected=0>
                  module_path: /home/elow/web/www/osrd/tests/tests/__init__.py
                  path: /home/elow/web/www/osrd/tests/tests/__init__.py
              finish pytest_pycollect_makemodule --> <Package tests> [hook]
            finish pytest_collect_file --> [<Package tests>] [hook]
            pytest_ignore_collect [hook]
                config: <_pytest.config.Config object at 0x7f947266ace0>
                collection_path: /home/elow/web/www/osrd/tests/tests/regression_tests_data
                path: /home/elow/web/www/osrd/tests/tests/regression_tests_data
            finish pytest_ignore_collect --> None [hook]
            pytest_ignore_collect [hook]
                config: <_pytest.config.Config object at 0x7f947266ace0>
                collection_path: /home/elow/web/www/osrd/tests/tests/regression_tests_data/acceleration_assert.json
                path: /home/elow/web/www/osrd/tests/tests/regression_tests_data/acceleration_assert.json
            finish pytest_ignore_collect --> None [hook]
            pytest_collect_file [hook]
                parent: <Session tests exitstatus=<ExitCode.OK: 0> testsfailed=0 testscollected=0>
                file_path: /home/elow/web/www/osrd/tests/tests/regression_tests_data/acceleration_assert.json
                path: /home/elow/web/www/osrd/tests/tests/regression_tests_data/acceleration_assert.json
            finish pytest_collect_file --> [] [hook]
            pytest_ignore_collect [hook]
                config: <_pytest.config.Config object at 0x7f947266ace0>
                collection_path: /home/elow/web/www/osrd/tests/tests/regression_tests_data/allowance_speed_discontinuity_assert.json
                path: /home/elow/web/www/osrd/tests/tests/regression_tests_data/allowance_speed_discontinuity_assert.json
            finish pytest_ignore_collect --> None [hook]
            pytest_collect_file [hook]
                parent: <Session tests exitstatus=<ExitCode.OK: 0> testsfailed=0 testscollected=0>
                file_path: /home/elow/web/www/osrd/tests/tests/regression_tests_data/allowance_speed_discontinuity_assert.json
                path: /home/elow/web/www/osrd/tests/tests/regression_tests_data/allowance_speed_discontinuity_assert.json
            finish pytest_collect_file --> [] [hook]
            pytest_ignore_collect [hook]
                config: <_pytest.config.Config object at 0x7f947266ace0>
                collection_path: /home/elow/web/www/osrd/tests/tests/regression_tests_data/discontinuity_allowance_section.json
                path: /home/elow/web/www/osrd/tests/tests/regression_tests_data/discontinuity_allowance_section.json
            finish pytest_ignore_collect --> None [hook]
            pytest_collect_file [hook]
                parent: <Session tests exitstatus=<ExitCode.OK: 0> testsfailed=0 testscollected=0>
                file_path: /home/elow/web/www/osrd/tests/tests/regression_tests_data/discontinuity_allowance_section.json
                path: /home/elow/web/www/osrd/tests/tests/regression_tests_data/discontinuity_allowance_section.json
            finish pytest_collect_file --> [] [hook]
            pytest_ignore_collect [hook]
                config: <_pytest.config.Config object at 0x7f947266ace0>
                collection_path: /home/elow/web/www/osrd/tests/tests/regression_tests_data/envelope_sim_path_out_of_range.json
                path: /home/elow/web/www/osrd/tests/tests/regression_tests_data/envelope_sim_path_out_of_range.json
            finish pytest_ignore_collect --> None [hook]
            pytest_collect_file [hook]
                parent: <Session tests exitstatus=<ExitCode.OK: 0> testsfailed=0 testscollected=0>
                file_path: /home/elow/web/www/osrd/tests/tests/regression_tests_data/envelope_sim_path_out_of_range.json
                path: /home/elow/web/www/osrd/tests/tests/regression_tests_data/envelope_sim_path_out_of_range.json
            finish pytest_collect_file --> [] [hook]
            pytest_ignore_collect [hook]
                config: <_pytest.config.Config object at 0x7f947266ace0>
                collection_path: /home/elow/web/www/osrd/tests/tests/regression_tests_data/null_pointer_exception.json
                path: /home/elow/web/www/osrd/tests/tests/regression_tests_data/null_pointer_exception.json
            finish pytest_ignore_collect --> None [hook]
            pytest_collect_file [hook]
                parent: <Session tests exitstatus=<ExitCode.OK: 0> testsfailed=0 testscollected=0>
                file_path: /home/elow/web/www/osrd/tests/tests/regression_tests_data/null_pointer_exception.json
                path: /home/elow/web/www/osrd/tests/tests/regression_tests_data/null_pointer_exception.json
            finish pytest_collect_file --> [] [hook]
            pytest_ignore_collect [hook]
                config: <_pytest.config.Config object at 0x7f947266ace0>
                collection_path: /home/elow/web/www/osrd/tests/tests/regression_tests_data/search_space_discontinuity.json
                path: /home/elow/web/www/osrd/tests/tests/regression_tests_data/search_space_discontinuity.json
            finish pytest_ignore_collect --> None [hook]
            pytest_collect_file [hook]
                parent: <Session tests exitstatus=<ExitCode.OK: 0> testsfailed=0 testscollected=0>
                file_path: /home/elow/web/www/osrd/tests/tests/regression_tests_data/search_space_discontinuity.json
                path: /home/elow/web/www/osrd/tests/tests/regression_tests_data/search_space_discontinuity.json
            finish pytest_collect_file --> [] [hook]
            pytest_ignore_collect [hook]
                config: <_pytest.config.Config object at 0x7f947266ace0>
                collection_path: /home/elow/web/www/osrd/tests/tests/regression_tests_data/stdcm_envelope_discontinuity.json
                path: /home/elow/web/www/osrd/tests/tests/regression_tests_data/stdcm_envelope_discontinuity.json
            finish pytest_ignore_collect --> None [hook]
            pytest_collect_file [hook]
                parent: <Session tests exitstatus=<ExitCode.OK: 0> testsfailed=0 testscollected=0>
                file_path: /home/elow/web/www/osrd/tests/tests/regression_tests_data/stdcm_envelope_discontinuity.json
                path: /home/elow/web/www/osrd/tests/tests/regression_tests_data/stdcm_envelope_discontinuity.json
            finish pytest_collect_file --> [] [hook]
            pytest_ignore_collect [hook]
                config: <_pytest.config.Config object at 0x7f947266ace0>
                collection_path: /home/elow/web/www/osrd/tests/tests/regression_tests_data/stdcm_track_discontinuity.json
                path: /home/elow/web/www/osrd/tests/tests/regression_tests_data/stdcm_track_discontinuity.json
            finish pytest_ignore_collect --> None [hook]
            pytest_collect_file [hook]
                parent: <Session tests exitstatus=<ExitCode.OK: 0> testsfailed=0 testscollected=0>
                file_path: /home/elow/web/www/osrd/tests/tests/regression_tests_data/stdcm_track_discontinuity.json
                path: /home/elow/web/www/osrd/tests/tests/regression_tests_data/stdcm_track_discontinuity.json
            finish pytest_collect_file --> [] [hook]
            pytest_ignore_collect [hook]
                config: <_pytest.config.Config object at 0x7f947266ace0>
                collection_path: /home/elow/web/www/osrd/tests/tests/regression_tests_data/stdcm_zero_time_delta.json
                path: /home/elow/web/www/osrd/tests/tests/regression_tests_data/stdcm_zero_time_delta.json
            finish pytest_ignore_collect --> None [hook]
            pytest_collect_file [hook]
                parent: <Session tests exitstatus=<ExitCode.OK: 0> testsfailed=0 testscollected=0>
                file_path: /home/elow/web/www/osrd/tests/tests/regression_tests_data/stdcm_zero_time_delta.json
                path: /home/elow/web/www/osrd/tests/tests/regression_tests_data/stdcm_zero_time_delta.json
            finish pytest_collect_file --> [] [hook]
            pytest_ignore_collect [hook]
                config: <_pytest.config.Config object at 0x7f947266ace0>
                collection_path: /home/elow/web/www/osrd/tests/tests/utils
                path: /home/elow/web/www/osrd/tests/tests/utils
            finish pytest_ignore_collect --> None [hook]
            pytest_ignore_collect [hook]
                config: <_pytest.config.Config object at 0x7f947266ace0>
                collection_path: /home/elow/web/www/osrd/tests/tests/utils/__init__.py
                path: /home/elow/web/www/osrd/tests/tests/utils/__init__.py
            finish pytest_ignore_collect --> None [hook]
            pytest_collect_file [hook]
                parent: <Session tests exitstatus=<ExitCode.OK: 0> testsfailed=0 testscollected=0>
                file_path: /home/elow/web/www/osrd/tests/tests/utils/__init__.py
                path: /home/elow/web/www/osrd/tests/tests/utils/__init__.py
              pytest_pycollect_makemodule [hook]
                  parent: <Session tests exitstatus=<ExitCode.OK: 0> testsfailed=0 testscollected=0>
                  module_path: /home/elow/web/www/osrd/tests/tests/utils/__init__.py
                  path: /home/elow/web/www/osrd/tests/tests/utils/__init__.py
              finish pytest_pycollect_makemodule --> <Package utils> [hook]
            finish pytest_collect_file --> [<Package utils>] [hook]
        finish pytest_make_collect_report --> <CollectReport '' lenresult=2 outcome='passed'> [hook]
        pytest_collectreport [hook]
            report: <CollectReport '' lenresult=2 outcome='passed'>
        finish pytest_collectreport --> [] [hook]
    genitems <Package tests> [collection]
      pytest_collectstart [hook]
          collector: <Package tests>
      finish pytest_collectstart --> [] [hook]
      pytest_make_collect_report [hook]
          collector: <Package tests>
        pytest_ignore_collect [hook]
            config: <_pytest.config.Config object at 0x7f947266ace0>
            collection_path: /home/elow/web/www/osrd/tests/tests/infra.py
            path: /home/elow/web/www/osrd/tests/tests/infra.py
        finish pytest_ignore_collect --> None [hook]
        pytest_collect_file [hook]
            parent: <Package tests>
            file_path: /home/elow/web/www/osrd/tests/tests/infra.py
            path: /home/elow/web/www/osrd/tests/tests/infra.py
        finish pytest_collect_file --> [] [hook]
        pytest_ignore_collect [hook]
            config: <_pytest.config.Config object at 0x7f947266ace0>
            collection_path: /home/elow/web/www/osrd/tests/tests/path.py
            path: /home/elow/web/www/osrd/tests/tests/path.py
        finish pytest_ignore_collect --> None [hook]
        pytest_collect_file [hook]
            parent: <Package tests>
            file_path: /home/elow/web/www/osrd/tests/tests/path.py
            path: /home/elow/web/www/osrd/tests/tests/path.py
        finish pytest_collect_file --> [] [hook]
        pytest_ignore_collect [hook]
            config: <_pytest.config.Config object at 0x7f947266ace0>
            collection_path: /home/elow/web/www/osrd/tests/tests/scenario.py
            path: /home/elow/web/www/osrd/tests/tests/scenario.py
        finish pytest_ignore_collect --> None [hook]
        pytest_collect_file [hook]
            parent: <Package tests>
            file_path: /home/elow/web/www/osrd/tests/tests/scenario.py
            path: /home/elow/web/www/osrd/tests/tests/scenario.py
        finish pytest_collect_file --> [] [hook]
        pytest_ignore_collect [hook]
            config: <_pytest.config.Config object at 0x7f947266ace0>
            collection_path: /home/elow/web/www/osrd/tests/tests/services.py
            path: /home/elow/web/www/osrd/tests/tests/services.py
        finish pytest_ignore_collect --> None [hook]
        pytest_collect_file [hook]
            parent: <Package tests>
            file_path: /home/elow/web/www/osrd/tests/tests/services.py
            path: /home/elow/web/www/osrd/tests/tests/services.py
        finish pytest_collect_file --> [] [hook]
        pytest_ignore_collect [hook]
            config: <_pytest.config.Config object at 0x7f947266ace0>
            collection_path: /home/elow/web/www/osrd/tests/tests/test_api_root.py
            path: /home/elow/web/www/osrd/tests/tests/test_api_root.py
        finish pytest_ignore_collect --> None [hook]
        pytest_collect_file [hook]
            parent: <Package tests>
            file_path: /home/elow/web/www/osrd/tests/tests/test_api_root.py
            path: /home/elow/web/www/osrd/tests/tests/test_api_root.py
          pytest_pycollect_makemodule [hook]
              parent: <Package tests>
              module_path: /home/elow/web/www/osrd/tests/tests/test_api_root.py
              path: /home/elow/web/www/osrd/tests/tests/test_api_root.py
          finish pytest_pycollect_makemodule --> <Module test_api_root.py> [hook]
        finish pytest_collect_file --> [<Module test_api_root.py>] [hook]
        pytest_ignore_collect [hook]
            config: <_pytest.config.Config object at 0x7f947266ace0>
            collection_path: /home/elow/web/www/osrd/tests/tests/test_e2e.py
            path: /home/elow/web/www/osrd/tests/tests/test_e2e.py
        finish pytest_ignore_collect --> None [hook]
        pytest_collect_file [hook]
            parent: <Package tests>
            file_path: /home/elow/web/www/osrd/tests/tests/test_e2e.py
            path: /home/elow/web/www/osrd/tests/tests/test_e2e.py
          pytest_pycollect_makemodule [hook]
              parent: <Package tests>
              module_path: /home/elow/web/www/osrd/tests/tests/test_e2e.py
              path: /home/elow/web/www/osrd/tests/tests/test_e2e.py
          finish pytest_pycollect_makemodule --> <Module test_e2e.py> [hook]
        finish pytest_collect_file --> [<Module test_e2e.py>] [hook]
        pytest_ignore_collect [hook]
            config: <_pytest.config.Config object at 0x7f947266ace0>
            collection_path: /home/elow/web/www/osrd/tests/tests/test_infra.py
            path: /home/elow/web/www/osrd/tests/tests/test_infra.py
        finish pytest_ignore_collect --> None [hook]
        pytest_collect_file [hook]
            parent: <Package tests>
            file_path: /home/elow/web/www/osrd/tests/tests/test_infra.py
            path: /home/elow/web/www/osrd/tests/tests/test_infra.py
          pytest_pycollect_makemodule [hook]
              parent: <Package tests>
              module_path: /home/elow/web/www/osrd/tests/tests/test_infra.py
              path: /home/elow/web/www/osrd/tests/tests/test_infra.py
          finish pytest_pycollect_makemodule --> <Module test_infra.py> [hook]
        finish pytest_collect_file --> [<Module test_infra.py>] [hook]
        pytest_ignore_collect [hook]
            config: <_pytest.config.Config object at 0x7f947266ace0>
            collection_path: /home/elow/web/www/osrd/tests/tests/test_pathfinding.py
            path: /home/elow/web/www/osrd/tests/tests/test_pathfinding.py
        finish pytest_ignore_collect --> None [hook]
        pytest_collect_file [hook]
            parent: <Package tests>
            file_path: /home/elow/web/www/osrd/tests/tests/test_pathfinding.py
            path: /home/elow/web/www/osrd/tests/tests/test_pathfinding.py
          pytest_pycollect_makemodule [hook]
              parent: <Package tests>
              module_path: /home/elow/web/www/osrd/tests/tests/test_pathfinding.py
              path: /home/elow/web/www/osrd/tests/tests/test_pathfinding.py
          finish pytest_pycollect_makemodule --> <Module test_pathfinding.py> [hook]
        finish pytest_collect_file --> [<Module test_pathfinding.py>] [hook]
        pytest_ignore_collect [hook]
            config: <_pytest.config.Config object at 0x7f947266ace0>
            collection_path: /home/elow/web/www/osrd/tests/tests/test_regressions.py
            path: /home/elow/web/www/osrd/tests/tests/test_regressions.py
        finish pytest_ignore_collect --> None [hook]
        pytest_collect_file [hook]
            parent: <Package tests>
            file_path: /home/elow/web/www/osrd/tests/tests/test_regressions.py
            path: /home/elow/web/www/osrd/tests/tests/test_regressions.py
          pytest_pycollect_makemodule [hook]
              parent: <Package tests>
              module_path: /home/elow/web/www/osrd/tests/tests/test_regressions.py
              path: /home/elow/web/www/osrd/tests/tests/test_regressions.py
          finish pytest_pycollect_makemodule --> <Module test_regressions.py> [hook]
        finish pytest_collect_file --> [<Module test_regressions.py>] [hook]
        pytest_ignore_collect [hook]
            config: <_pytest.config.Config object at 0x7f947266ace0>
            collection_path: /home/elow/web/www/osrd/tests/tests/test_rolling_stock.py
            path: /home/elow/web/www/osrd/tests/tests/test_rolling_stock.py
        finish pytest_ignore_collect --> None [hook]
        pytest_collect_file [hook]
            parent: <Package tests>
            file_path: /home/elow/web/www/osrd/tests/tests/test_rolling_stock.py
            path: /home/elow/web/www/osrd/tests/tests/test_rolling_stock.py
          pytest_pycollect_makemodule [hook]
              parent: <Package tests>
              module_path: /home/elow/web/www/osrd/tests/tests/test_rolling_stock.py
              path: /home/elow/web/www/osrd/tests/tests/test_rolling_stock.py
          finish pytest_pycollect_makemodule --> <Module test_rolling_stock.py> [hook]
        finish pytest_collect_file --> [<Module test_rolling_stock.py>] [hook]
        pytest_ignore_collect [hook]
            config: <_pytest.config.Config object at 0x7f947266ace0>
            collection_path: /home/elow/web/www/osrd/tests/tests/test_rtk_sync.py
            path: /home/elow/web/www/osrd/tests/tests/test_rtk_sync.py
        finish pytest_ignore_collect --> None [hook]
        pytest_collect_file [hook]
            parent: <Package tests>
            file_path: /home/elow/web/www/osrd/tests/tests/test_rtk_sync.py
            path: /home/elow/web/www/osrd/tests/tests/test_rtk_sync.py
          pytest_pycollect_makemodule [hook]
              parent: <Package tests>
              module_path: /home/elow/web/www/osrd/tests/tests/test_rtk_sync.py
              path: /home/elow/web/www/osrd/tests/tests/test_rtk_sync.py
          finish pytest_pycollect_makemodule --> <Module test_rtk_sync.py> [hook]
        finish pytest_collect_file --> [<Module test_rtk_sync.py>] [hook]
        pytest_ignore_collect [hook]
            config: <_pytest.config.Config object at 0x7f947266ace0>
            collection_path: /home/elow/web/www/osrd/tests/tests/test_scenario.py
            path: /home/elow/web/www/osrd/tests/tests/test_scenario.py
        finish pytest_ignore_collect --> None [hook]
        pytest_collect_file [hook]
            parent: <Package tests>
            file_path: /home/elow/web/www/osrd/tests/tests/test_scenario.py
            path: /home/elow/web/www/osrd/tests/tests/test_scenario.py
          pytest_pycollect_makemodule [hook]
              parent: <Package tests>
              module_path: /home/elow/web/www/osrd/tests/tests/test_scenario.py
              path: /home/elow/web/www/osrd/tests/tests/test_scenario.py
          finish pytest_pycollect_makemodule --> <Module test_scenario.py> [hook]
        finish pytest_collect_file --> [<Module test_scenario.py>] [hook]
        pytest_ignore_collect [hook]
            config: <_pytest.config.Config object at 0x7f947266ace0>
            collection_path: /home/elow/web/www/osrd/tests/tests/test_simulation.py
            path: /home/elow/web/www/osrd/tests/tests/test_simulation.py
        finish pytest_ignore_collect --> None [hook]
        pytest_collect_file [hook]
            parent: <Package tests>
            file_path: /home/elow/web/www/osrd/tests/tests/test_simulation.py
            path: /home/elow/web/www/osrd/tests/tests/test_simulation.py
          pytest_pycollect_makemodule [hook]
              parent: <Package tests>
              module_path: /home/elow/web/www/osrd/tests/tests/test_simulation.py
              path: /home/elow/web/www/osrd/tests/tests/test_simulation.py
          finish pytest_pycollect_makemodule --> <Module test_simulation.py> [hook]
        finish pytest_collect_file --> [<Module test_simulation.py>] [hook]
        pytest_ignore_collect [hook]
            config: <_pytest.config.Config object at 0x7f947266ace0>
            collection_path: /home/elow/web/www/osrd/tests/tests/test_stdcm.py
            path: /home/elow/web/www/osrd/tests/tests/test_stdcm.py
        finish pytest_ignore_collect --> None [hook]
        pytest_collect_file [hook]
            parent: <Package tests>
            file_path: /home/elow/web/www/osrd/tests/tests/test_stdcm.py
            path: /home/elow/web/www/osrd/tests/tests/test_stdcm.py
          pytest_pycollect_makemodule [hook]
              parent: <Package tests>
              module_path: /home/elow/web/www/osrd/tests/tests/test_stdcm.py
              path: /home/elow/web/www/osrd/tests/tests/test_stdcm.py
          finish pytest_pycollect_makemodule --> <Module test_stdcm.py> [hook]
        finish pytest_collect_file --> [<Module test_stdcm.py>] [hook]
        pytest_ignore_collect [hook]
            config: <_pytest.config.Config object at 0x7f947266ace0>
            collection_path: /home/elow/web/www/osrd/tests/tests/test_timetable.py
            path: /home/elow/web/www/osrd/tests/tests/test_timetable.py
        finish pytest_ignore_collect --> None [hook]
        pytest_collect_file [hook]
            parent: <Package tests>
            file_path: /home/elow/web/www/osrd/tests/tests/test_timetable.py
            path: /home/elow/web/www/osrd/tests/tests/test_timetable.py
          pytest_pycollect_makemodule [hook]
              parent: <Package tests>
              module_path: /home/elow/web/www/osrd/tests/tests/test_timetable.py
              path: /home/elow/web/www/osrd/tests/tests/test_timetable.py
          finish pytest_pycollect_makemodule --> <Module test_timetable.py> [hook]
        finish pytest_collect_file --> [<Module test_timetable.py>] [hook]
        pytest_ignore_collect [hook]
            config: <_pytest.config.Config object at 0x7f947266ace0>
            collection_path: /home/elow/web/www/osrd/tests/tests/test_train_schedule.py
            path: /home/elow/web/www/osrd/tests/tests/test_train_schedule.py
        finish pytest_ignore_collect --> None [hook]
        pytest_collect_file [hook]
            parent: <Package tests>
            file_path: /home/elow/web/www/osrd/tests/tests/test_train_schedule.py
            path: /home/elow/web/www/osrd/tests/tests/test_train_schedule.py
          pytest_pycollect_makemodule [hook]
              parent: <Package tests>
              module_path: /home/elow/web/www/osrd/tests/tests/test_train_schedule.py
              path: /home/elow/web/www/osrd/tests/tests/test_train_schedule.py
          finish pytest_pycollect_makemodule --> <Module test_train_schedule.py> [hook]
        finish pytest_collect_file --> [<Module test_train_schedule.py>] [hook]
        pytest_ignore_collect [hook]
            config: <_pytest.config.Config object at 0x7f947266ace0>
            collection_path: /home/elow/web/www/osrd/tests/tests/test_version.py
            path: /home/elow/web/www/osrd/tests/tests/test_version.py
        finish pytest_ignore_collect --> None [hook]
        pytest_collect_file [hook]
            parent: <Package tests>
            file_path: /home/elow/web/www/osrd/tests/tests/test_version.py
            path: /home/elow/web/www/osrd/tests/tests/test_version.py
          pytest_pycollect_makemodule [hook]
              parent: <Package tests>
              module_path: /home/elow/web/www/osrd/tests/tests/test_version.py
              path: /home/elow/web/www/osrd/tests/tests/test_version.py
          finish pytest_pycollect_makemodule --> <Module test_version.py> [hook]
        finish pytest_collect_file --> [<Module test_version.py>] [hook]
        pytest_ignore_collect [hook]
            config: <_pytest.config.Config object at 0x7f947266ace0>
            collection_path: /home/elow/web/www/osrd/tests/tests/test_with_fuzzer.py
            path: /home/elow/web/www/osrd/tests/tests/test_with_fuzzer.py
        finish pytest_ignore_collect --> None [hook]
        pytest_collect_file [hook]
            parent: <Package tests>
            file_path: /home/elow/web/www/osrd/tests/tests/test_with_fuzzer.py
            path: /home/elow/web/www/osrd/tests/tests/test_with_fuzzer.py
          pytest_pycollect_makemodule [hook]
              parent: <Package tests>
              module_path: /home/elow/web/www/osrd/tests/tests/test_with_fuzzer.py
              path: /home/elow/web/www/osrd/tests/tests/test_with_fuzzer.py
          finish pytest_pycollect_makemodule --> <Module test_with_fuzzer.py> [hook]
        finish pytest_collect_file --> [<Module test_with_fuzzer.py>] [hook]
        pytest_ignore_collect [hook]
            config: <_pytest.config.Config object at 0x7f947266ace0>
            collection_path: /home/elow/web/www/osrd/tests/tests/regression_tests_data
            path: /home/elow/web/www/osrd/tests/tests/regression_tests_data
        finish pytest_ignore_collect --> None [hook]
        pytest_ignore_collect [hook]
            config: <_pytest.config.Config object at 0x7f947266ace0>
            collection_path: /home/elow/web/www/osrd/tests/tests/regression_tests_data/acceleration_assert.json
            path: /home/elow/web/www/osrd/tests/tests/regression_tests_data/acceleration_assert.json
        finish pytest_ignore_collect --> None [hook]
        pytest_ignore_collect [hook]
            config: <_pytest.config.Config object at 0x7f947266ace0>
            collection_path: /home/elow/web/www/osrd/tests/tests/regression_tests_data/allowance_speed_discontinuity_assert.json
            path: /home/elow/web/www/osrd/tests/tests/regression_tests_data/allowance_speed_discontinuity_assert.json
        finish pytest_ignore_collect --> None [hook]
        pytest_ignore_collect [hook]
            config: <_pytest.config.Config object at 0x7f947266ace0>
            collection_path: /home/elow/web/www/osrd/tests/tests/regression_tests_data/discontinuity_allowance_section.json
            path: /home/elow/web/www/osrd/tests/tests/regression_tests_data/discontinuity_allowance_section.json
        finish pytest_ignore_collect --> None [hook]
        pytest_ignore_collect [hook]
            config: <_pytest.config.Config object at 0x7f947266ace0>
            collection_path: /home/elow/web/www/osrd/tests/tests/regression_tests_data/envelope_sim_path_out_of_range.json
            path: /home/elow/web/www/osrd/tests/tests/regression_tests_data/envelope_sim_path_out_of_range.json
        finish pytest_ignore_collect --> None [hook]
        pytest_ignore_collect [hook]
            config: <_pytest.config.Config object at 0x7f947266ace0>
            collection_path: /home/elow/web/www/osrd/tests/tests/regression_tests_data/null_pointer_exception.json
            path: /home/elow/web/www/osrd/tests/tests/regression_tests_data/null_pointer_exception.json
        finish pytest_ignore_collect --> None [hook]
        pytest_ignore_collect [hook]
            config: <_pytest.config.Config object at 0x7f947266ace0>
            collection_path: /home/elow/web/www/osrd/tests/tests/regression_tests_data/search_space_discontinuity.json
            path: /home/elow/web/www/osrd/tests/tests/regression_tests_data/search_space_discontinuity.json
        finish pytest_ignore_collect --> None [hook]
        pytest_ignore_collect [hook]
            config: <_pytest.config.Config object at 0x7f947266ace0>
            collection_path: /home/elow/web/www/osrd/tests/tests/regression_tests_data/stdcm_envelope_discontinuity.json
            path: /home/elow/web/www/osrd/tests/tests/regression_tests_data/stdcm_envelope_discontinuity.json
        finish pytest_ignore_collect --> None [hook]
        pytest_ignore_collect [hook]
            config: <_pytest.config.Config object at 0x7f947266ace0>
            collection_path: /home/elow/web/www/osrd/tests/tests/regression_tests_data/stdcm_track_discontinuity.json
            path: /home/elow/web/www/osrd/tests/tests/regression_tests_data/stdcm_track_discontinuity.json
        finish pytest_ignore_collect --> None [hook]
        pytest_ignore_collect [hook]
            config: <_pytest.config.Config object at 0x7f947266ace0>
            collection_path: /home/elow/web/www/osrd/tests/tests/regression_tests_data/stdcm_zero_time_delta.json
            path: /home/elow/web/www/osrd/tests/tests/regression_tests_data/stdcm_zero_time_delta.json
        finish pytest_ignore_collect --> None [hook]
        pytest_ignore_collect [hook]
            config: <_pytest.config.Config object at 0x7f947266ace0>
            collection_path: /home/elow/web/www/osrd/tests/tests/utils
            path: /home/elow/web/www/osrd/tests/tests/utils
        finish pytest_ignore_collect --> None [hook]
        pytest_ignore_collect [hook]
            config: <_pytest.config.Config object at 0x7f947266ace0>
            collection_path: /home/elow/web/www/osrd/tests/tests/utils/__init__.py
            path: /home/elow/web/www/osrd/tests/tests/utils/__init__.py
        finish pytest_ignore_collect --> None [hook]
      finish pytest_make_collect_report --> <CollectReport 'tests/__init__.py' lenresult=14 outcome='passed'> [hook]
    genitems <Module test_api_root.py> [collection]
      pytest_collectstart [hook]
          collector: <Module test_api_root.py>
      finish pytest_collectstart --> [] [hook]
      pytest_make_collect_report [hook]
          collector: <Module test_api_root.py>
      find_module called for: tests.test_api_root [assertion]
      matched test file '/home/elow/web/www/osrd/tests/tests/test_api_root.py' [assertion]
      found cached rewritten pyc for /home/elow/web/www/osrd/tests/tests/test_api_root.py [assertion]
        pytest_pycollect_makeitem [hook]
            collector: <Module test_api_root.py>
            name: @py_builtins
            obj: <module 'builtins' (built-in)>
        finish pytest_pycollect_makeitem --> None [hook]
        pytest_pycollect_makeitem [hook]
            collector: <Module test_api_root.py>
            name: @pytest_ar
            obj: <module '_pytest.assertion.rewrite' from '/home/elow/.cache/pypoetry/virtualenvs/tests-W4JHIXe3-py3.10/lib/python3.10/site-packages/_pytest/assertion/rewrite.py'>
        finish pytest_pycollect_makeitem --> None [hook]
        pytest_pycollect_makeitem [hook]
            collector: <Module test_api_root.py>
            name: requests
            obj: <module 'requests' from '/home/elow/.cache/pypoetry/virtualenvs/tests-W4JHIXe3-py3.10/lib/python3.10/site-packages/requests/__init__.py'>
        finish pytest_pycollect_makeitem --> None [hook]
        pytest_pycollect_makeitem [hook]
            collector: <Module test_api_root.py>
            name: API_URL
            obj: http://localhost:8000/
        finish pytest_pycollect_makeitem --> None [hook]
        pytest_pycollect_makeitem [hook]
            collector: <Module test_api_root.py>
            name: test_api_root
            obj: <function test_api_root at 0x7f94713a6200>
          pytest_generate_tests [hook]
              metafunc: <_pytest.python.Metafunc object at 0x7f947139ff70>
          finish pytest_generate_tests --> [] [hook]
        finish pytest_pycollect_makeitem --> [<Function test_api_root>] [hook]
      finish pytest_make_collect_report --> <CollectReport 'tests/test_api_root.py' lenresult=1 outcome='passed'> [hook]
    genitems <Function test_api_root> [collection]
      pytest_itemcollected [hook]
          item: <Function test_api_root>
      finish pytest_itemcollected --> [] [hook]
      pytest_collectreport [hook]
          report: <CollectReport 'tests/test_api_root.py' lenresult=1 outcome='passed'>
      finish pytest_collectreport --> [] [hook]
    genitems <Module test_e2e.py> [collection]
      pytest_collectstart [hook]
          collector: <Module test_e2e.py>
      finish pytest_collectstart --> [] [hook]
      pytest_make_collect_report [hook]
          collector: <Module test_e2e.py>
      find_module called for: tests.test_e2e [assertion]
      matched test file '/home/elow/web/www/osrd/tests/tests/test_e2e.py' [assertion]
      found cached rewritten pyc for /home/elow/web/www/osrd/tests/tests/test_e2e.py [assertion]
        pytest_pycollect_makeitem [hook]
            collector: <Module test_e2e.py>
            name: @py_builtins
            obj: <module 'builtins' (built-in)>
        finish pytest_pycollect_makeitem --> None [hook]
        pytest_pycollect_makeitem [hook]
            collector: <Module test_e2e.py>
            name: @pytest_ar
            obj: <module '_pytest.assertion.rewrite' from '/home/elow/.cache/pypoetry/virtualenvs/tests-W4JHIXe3-py3.10/lib/python3.10/site-packages/_pytest/assertion/rewrite.py'>
        finish pytest_pycollect_makeitem --> None [hook]
        pytest_pycollect_makeitem [hook]
            collector: <Module test_e2e.py>
            name: subprocess
            obj: <module 'subprocess' from '/usr/lib/python3.10/subprocess.py'>
        finish pytest_pycollect_makeitem --> None [hook]
        pytest_pycollect_makeitem [hook]
            collector: <Module test_e2e.py>
            name: Path
            obj: <class 'pathlib.Path'>
        finish pytest_pycollect_makeitem --> None [hook]
        pytest_pycollect_makeitem [hook]
            collector: <Module test_e2e.py>
            name: pytest
            obj: <module 'pytest' from '/home/elow/.cache/pypoetry/virtualenvs/tests-W4JHIXe3-py3.10/lib/python3.10/site-packages/pytest/__init__.py'>
        finish pytest_pycollect_makeitem --> None [hook]
        pytest_pycollect_makeitem [hook]
            collector: <Module test_e2e.py>
            name: __warningregistry__
            obj: {'version': 17, ('Unknown pytest.mark.e2e - is this a typo?  You can register custom marks to avoid this warning - for details, see https://docs.pytest.org/en/stable/how-to/mark.html', <class 'pytest.PytestUnknownMarkWarning'>, 7): True, ('Unknown pytest.mark.names_and_metadata - is this a typo?  You can register custom marks to avoid this warning - for details, see https://docs.pytest.org/en/stable/how-to/mark.html', <class 'pytest.PytestUnknownMarkWarning'>, 8): True}
        finish pytest_pycollect_makeitem --> None [hook]
        pytest_pycollect_makeitem [hook]
            collector: <Module test_e2e.py>
            name: test_e2e
            obj: <function test_e2e at 0x7f94713a60e0>
          pytest_generate_tests [hook]
              metafunc: <_pytest.python.Metafunc object at 0x7f94713d8610>
          finish pytest_generate_tests --> [] [hook]
        finish pytest_pycollect_makeitem --> [<Function test_e2e>] [hook]
      finish pytest_make_collect_report --> <CollectReport 'tests/test_e2e.py' lenresult=1 outcome='passed'> [hook]
    genitems <Function test_e2e> [collection]
      pytest_itemcollected [hook]
          item: <Function test_e2e>
      finish pytest_itemcollected --> [] [hook]
      pytest_collectreport [hook]
          report: <CollectReport 'tests/test_e2e.py' lenresult=1 outcome='passed'>
      finish pytest_collectreport --> [] [hook]
    genitems <Module test_infra.py> [collection]
      pytest_collectstart [hook]
          collector: <Module test_infra.py>
      finish pytest_collectstart --> [] [hook]
      pytest_make_collect_report [hook]
          collector: <Module test_infra.py>
      find_module called for: tests.test_infra [assertion]
      matched test file '/home/elow/web/www/osrd/tests/tests/test_infra.py' [assertion]
      found cached rewritten pyc for /home/elow/web/www/osrd/tests/tests/test_infra.py [assertion]
        pytest_pycollect_makeitem [hook]
            collector: <Module test_infra.py>
            name: @py_builtins
            obj: <module 'builtins' (built-in)>
        finish pytest_pycollect_makeitem --> None [hook]
        pytest_pycollect_makeitem [hook]
            collector: <Module test_infra.py>
            name: @pytest_ar
            obj: <module '_pytest.assertion.rewrite' from '/home/elow/.cache/pypoetry/virtualenvs/tests-W4JHIXe3-py3.10/lib/python3.10/site-packages/_pytest/assertion/rewrite.py'>
        finish pytest_pycollect_makeitem --> None [hook]
        pytest_pycollect_makeitem [hook]
            collector: <Module test_infra.py>
            name: dataclass
            obj: <function dataclass at 0x7f9472c6d900>
        finish pytest_pycollect_makeitem --> None [hook]
        pytest_pycollect_makeitem [hook]
            collector: <Module test_infra.py>
            name: Any
            obj: typing.Any
        finish pytest_pycollect_makeitem --> None [hook]
        pytest_pycollect_makeitem [hook]
            collector: <Module test_infra.py>
            name: Iterable
            obj: typing.Iterable
        finish pytest_pycollect_makeitem --> None [hook]
        pytest_pycollect_makeitem [hook]
            collector: <Module test_infra.py>
            name: Mapping
            obj: typing.Mapping
        finish pytest_pycollect_makeitem --> None [hook]
        pytest_pycollect_makeitem [hook]
            collector: <Module test_infra.py>
            name: Optional
            obj: typing.Optional
        finish pytest_pycollect_makeitem --> None [hook]
        pytest_pycollect_makeitem [hook]
            collector: <Module test_infra.py>
            name: pytest
            obj: <module 'pytest' from '/home/elow/.cache/pypoetry/virtualenvs/tests-W4JHIXe3-py3.10/lib/python3.10/site-packages/pytest/__init__.py'>
        finish pytest_pycollect_makeitem --> None [hook]
        pytest_pycollect_makeitem [hook]
            collector: <Module test_infra.py>
            name: requests
            obj: <module 'requests' from '/home/elow/.cache/pypoetry/virtualenvs/tests-W4JHIXe3-py3.10/lib/python3.10/site-packages/requests/__init__.py'>
        finish pytest_pycollect_makeitem --> None [hook]
        pytest_pycollect_makeitem [hook]
            collector: <Module test_infra.py>
            name: API_URL
            obj: http://localhost:8000/
        finish pytest_pycollect_makeitem --> None [hook]
        pytest_pycollect_makeitem [hook]
            collector: <Module test_infra.py>
            name: _InfraDetails
            obj: <class 'tests.test_infra._InfraDetails'>
        finish pytest_pycollect_makeitem --> None [hook]
        pytest_pycollect_makeitem [hook]
            collector: <Module test_infra.py>
            name: _InfraResponse
            obj: <class 'tests.test_infra._InfraResponse'>
        finish pytest_pycollect_makeitem --> None [hook]
        pytest_pycollect_makeitem [hook]
            collector: <Module test_infra.py>
            name: test_get_infra
            obj: <function test_get_infra at 0x7f94713a63b0>
          pytest_generate_tests [hook]
              metafunc: <_pytest.python.Metafunc object at 0x7f94713d88b0>
          finish pytest_generate_tests --> [] [hook]
        finish pytest_pycollect_makeitem --> [<Function test_get_infra>] [hook]
      finish pytest_make_collect_report --> <CollectReport 'tests/test_infra.py' lenresult=1 outcome='passed'> [hook]
    genitems <Function test_get_infra> [collection]
      pytest_itemcollected [hook]
          item: <Function test_get_infra>
      finish pytest_itemcollected --> [] [hook]
      pytest_collectreport [hook]
          report: <CollectReport 'tests/test_infra.py' lenresult=1 outcome='passed'>
      finish pytest_collectreport --> [] [hook]
    genitems <Module test_pathfinding.py> [collection]
      pytest_collectstart [hook]
          collector: <Module test_pathfinding.py>
      finish pytest_collectstart --> [] [hook]
      pytest_make_collect_report [hook]
          collector: <Module test_pathfinding.py>
      find_module called for: tests.test_pathfinding [assertion]
      matched test file '/home/elow/web/www/osrd/tests/tests/test_pathfinding.py' [assertion]
      found cached rewritten pyc for /home/elow/web/www/osrd/tests/tests/test_pathfinding.py [assertion]
        pytest_pycollect_makeitem [hook]
            collector: <Module test_pathfinding.py>
            name: @py_builtins
            obj: <module 'builtins' (built-in)>
        finish pytest_pycollect_makeitem --> None [hook]
        pytest_pycollect_makeitem [hook]
            collector: <Module test_pathfinding.py>
            name: @pytest_ar
            obj: <module '_pytest.assertion.rewrite' from '/home/elow/.cache/pypoetry/virtualenvs/tests-W4JHIXe3-py3.10/lib/python3.10/site-packages/_pytest/assertion/rewrite.py'>
        finish pytest_pycollect_makeitem --> None [hook]
        pytest_pycollect_makeitem [hook]
            collector: <Module test_pathfinding.py>
            name: chain
            obj: <class 'itertools.chain'>
        finish pytest_pycollect_makeitem --> None [hook]
        pytest_pycollect_makeitem [hook]
            collector: <Module test_pathfinding.py>
            name: pytest
            obj: <module 'pytest' from '/home/elow/.cache/pypoetry/virtualenvs/tests-W4JHIXe3-py3.10/lib/python3.10/site-packages/pytest/__init__.py'>
        finish pytest_pycollect_makeitem --> None [hook]
        pytest_pycollect_makeitem [hook]
            collector: <Module test_pathfinding.py>
            name: Path
            obj: <class 'tests.path.Path'>
        finish pytest_pycollect_makeitem --> None [hook]
        pytest_pycollect_makeitem [hook]
            collector: <Module test_pathfinding.py>
            name: _EXPECTED_WEST_TO_SOUTH_EAST_PATH
            obj: Path(id=-1, owner='00000000-0000-0000-0000-000000000000', created='', slopes=[{'position': 0, 'gradient': 0}, {'position': 5162.966050992638, 'gradient': 0}, {'position': 5162.966050992638, 'gradient': -3.0}, {'position': 5462.966050992638, 'gradient': -3.0}, {'position': 5462.966050992638, 'gradient': -6.0}, {'position': 5862.966050992638, 'gradient': -6.0}, {'position': 5862.966050992638, 'gradient': -3.0}, {'position': 6162.966050992638, 'gradient': -3.0}, {'position': 6162.966050992638, 'gradient': 0}, {'position': 8162.966050992638, 'gradient': 0}, {'position': 8162.966050992638, 'gradient': 3.0}, {'position': 8462.966050992638, 'gradient': 3.0}, {'position': 8462.966050992638, 'gradient': 6.0}, {'position': 8862.966050992638, 'gradient': 6.0}, {'position': 8862.966050992638, 'gradient': 3.0}, {'position': 9162.966050992638, 'gradient': 3.0}, {'position': 9162.966050992638, 'gradient': 0}, {'position': 18162.96605099264, 'gradient': 0}, {'position': 18162.96605099264, 'gradient': 3.0}, {'position': 19162.96605099264, 'gradient': 3.0}, {'position': 19162.96605099264, 'gradient': 6.0}, {'position': 20162.96605099264, 'gradient': 6.0}, {'position': 20162.96605099264, 'gradient': 3.0}, {'position': 21162.96605099264, 'gradient': 3.0}, {'position': 21162.96605099264, 'gradient': 0}, {'position': 26162.96605099264, 'gradient': 0}, {'position': 26162.96605099264, 'gradient': -3.0}, {'position': 27162.96605099264, 'gradient': -3.0}, {'position': 27162.96605099264, 'gradient': -6.0}, {'position': 28162.96605099264, 'gradient': -6.0}, {'position': 28162.96605099264, 'gradient': -3.0}, {'position': 29162.96605099264, 'gradient': -3.0}, {'position': 29162.96605099264, 'gradient': 0}, {'position': 45549.5653000392, 'gradient': 0}], curves=[{'position': 0, 'radius': 0}, {'position': 45549.5653000392, 'radius': 0}], steps=[{'track': 'TA2', 'position': 837.033949007362, 'geo': {'type': 'Point', 'coordinates': [-0.387122554630656, 49.4998]}, 'sch': {'type': 'Point', 'coordinates': [-0.387122554630656, 49.4998]}, 'id': None, 'name': None, 'suggestion': False, 'duration': 0.0}, {'track': 'TC2', 'position': 450.0, 'geo': {'type': 'Point', 'coordinates': [-0.3037, 49.4999]}, 'sch': {'type': 'Point', 'coordinates': [-0.3037, 49.4999]}, 'id': 'Mid_West_station', 'name': 'Mid_West_station', 'suggestion': True, 'duration': 0.0}, {'track': 'TD1', 'position': 14000.0, 'geo': {'type': 'Point', 'coordinates': [-0.22656, 49.4999]}, 'sch': {'type': 'Point', 'coordinates': [-0.22656, 49.4999]}, 'id': 'Mid_East_station', 'name': 'Mid_East_station', 'suggestion': True, 'duration': 0.0}, {'track': 'TH1', 'position': 4386.599249046556, 'geo': {'type': 'Point', 'coordinates': [-0.095104854807785, 49.484]}, 'sch': {'type': 'Point', 'coordinates': [-0.095104854807785, 49.484]}, 'id': None, 'name': None, 'suggestion': False, 'duration': 1.0}], geographic={'type': 'LineString', 'coordinates': [[-0.387122554630656, 49.4998], [-0.37, 49.4998], [-0.365, 49.4999], [-0.31, 49.4999], [-0.296, 49.4999], [-0.172, 49.4999], [-0.1354, 49.4999], [-0.135, 49.49995], [-0.1346, 49.4999], [-0.12, 49.4999], [-0.115, 49.497], [-0.115, 49.487], [-0.11, 49.484], [-0.095104854807785, 49.484]]}, schematic={'type': 'LineString', 'coordinates': [[-0.387122554630656, 49.4998], [-0.37, 49.4998], [-0.365, 49.4999], [-0.31, 49.4999], [-0.296, 49.4999], [-0.172, 49.4999], [-0.1354, 49.4999], [-0.135, 49.49995], [-0.1346, 49.4999], [-0.12, 49.4999], [-0.115, 49.497], [-0.115, 49.487], [-0.11, 49.484], [-0.095104854807785, 49.484]]})
        finish pytest_pycollect_makeitem --> None [hook]
        pytest_pycollect_makeitem [hook]
            collector: <Module test_pathfinding.py>
            name: test_west_to_south_east_path
            obj: <function test_west_to_south_east_path at 0x7f94713a72e0>
          pytest_generate_tests [hook]
              metafunc: <_pytest.python.Metafunc object at 0x7f94713dbbe0>
          finish pytest_generate_tests --> [] [hook]
        finish pytest_pycollect_makeitem --> [<Function test_west_to_south_east_path>] [hook]
      finish pytest_make_collect_report --> <CollectReport 'tests/test_pathfinding.py' lenresult=1 outcome='passed'> [hook]
    genitems <Function test_west_to_south_east_path> [collection]
      pytest_itemcollected [hook]
          item: <Function test_west_to_south_east_path>
      finish pytest_itemcollected --> [] [hook]
      pytest_collectreport [hook]
          report: <CollectReport 'tests/test_pathfinding.py' lenresult=1 outcome='passed'>
      finish pytest_collectreport --> [] [hook]
    genitems <Module test_regressions.py> [collection]
      pytest_collectstart [hook]
          collector: <Module test_regressions.py>
      finish pytest_collectstart --> [] [hook]
      pytest_make_collect_report [hook]
          collector: <Module test_regressions.py>
      find_module called for: tests.test_regressions [assertion]
      matched test file '/home/elow/web/www/osrd/tests/tests/test_regressions.py' [assertion]
      found cached rewritten pyc for /home/elow/web/www/osrd/tests/tests/test_regressions.py [assertion]
        pytest_pycollect_makeitem [hook]
            collector: <Module test_regressions.py>
            name: @py_builtins
            obj: <module 'builtins' (built-in)>
        finish pytest_pycollect_makeitem --> None [hook]
        pytest_pycollect_makeitem [hook]
            collector: <Module test_regressions.py>
            name: @pytest_ar
            obj: <module '_pytest.assertion.rewrite' from '/home/elow/.cache/pypoetry/virtualenvs/tests-W4JHIXe3-py3.10/lib/python3.10/site-packages/_pytest/assertion/rewrite.py'>
        finish pytest_pycollect_makeitem --> None [hook]
        pytest_pycollect_makeitem [hook]
            collector: <Module test_regressions.py>
            name: json
            obj: <module 'json' from '/usr/lib/python3.10/json/__init__.py'>
        finish pytest_pycollect_makeitem --> None [hook]
        pytest_pycollect_makeitem [hook]
            collector: <Module test_regressions.py>
            name: Path
            obj: <class 'pathlib.Path'>
        finish pytest_pycollect_makeitem --> None [hook]
        pytest_pycollect_makeitem [hook]
            collector: <Module test_regressions.py>
            name: pytest
            obj: <module 'pytest' from '/home/elow/.cache/pypoetry/virtualenvs/tests-W4JHIXe3-py3.10/lib/python3.10/site-packages/pytest/__init__.py'>
        finish pytest_pycollect_makeitem --> None [hook]
        pytest_pycollect_makeitem [hook]
            collector: <Module test_regressions.py>
            name: requests
            obj: <module 'requests' from '/home/elow/.cache/pypoetry/virtualenvs/tests-W4JHIXe3-py3.10/lib/python3.10/site-packages/requests/__init__.py'>
        finish pytest_pycollect_makeitem --> None [hook]
        pytest_pycollect_makeitem [hook]
            collector: <Module test_regressions.py>
            name: Scenario
            obj: <class 'tests.scenario.Scenario'>
        finish pytest_pycollect_makeitem --> None [hook]
        pytest_pycollect_makeitem [hook]
            collector: <Module test_regressions.py>
            name: API_URL
            obj: http://localhost:8000/
        finish pytest_pycollect_makeitem --> None [hook]
        pytest_pycollect_makeitem [hook]
            collector: <Module test_regressions.py>
            name: REGRESSION_TESTS_DATA_FOLDER
            obj: /home/elow/web/www/osrd/tests/tests/regression_tests_data
        finish pytest_pycollect_makeitem --> None [hook]
        pytest_pycollect_makeitem [hook]
            collector: <Module test_regressions.py>
            name: REGRESSION_TESTS_JSON_FILES
            obj: ['null_pointer_exception.json', 'stdcm_track_discontinuity.json', 'discontinuity_allowance_section.json', 'stdcm_zero_time_delta.json', 'search_space_discontinuity.json', 'acceleration_assert.json', 'stdcm_envelope_discontinuity.json', 'envelope_sim_path_out_of_range.json', 'allowance_speed_discontinuity_assert.json']
        finish pytest_pycollect_makeitem --> None [hook]
        pytest_pycollect_makeitem [hook]
            collector: <Module test_regressions.py>
            name: _pathfinding_with_payload
            obj: <function _pathfinding_with_payload at 0x7f94713a7520>
        finish pytest_pycollect_makeitem --> None [hook]
        pytest_pycollect_makeitem [hook]
            collector: <Module test_regressions.py>
            name: _schedule_with_payload
            obj: <function _schedule_with_payload at 0x7f94713a75b0>
        finish pytest_pycollect_makeitem --> None [hook]
        pytest_pycollect_makeitem [hook]
            collector: <Module test_regressions.py>
            name: _stdcm_with_payload
            obj: <function _stdcm_with_payload at 0x7f94713a7640>
        finish pytest_pycollect_makeitem --> None [hook]
        pytest_pycollect_makeitem [hook]
            collector: <Module test_regressions.py>
            name: _reproduce_test
            obj: <function _reproduce_test at 0x7f94713a76d0>
        finish pytest_pycollect_makeitem --> None [hook]
        pytest_pycollect_makeitem [hook]
            collector: <Module test_regressions.py>
            name: test_regressions
            obj: <function test_regressions at 0x7f94713a7760>
          pytest_generate_tests [hook]
              metafunc: <_pytest.python.Metafunc object at 0x7f94713dac20>
            pytest_make_parametrize_id [hook]
                config: <_pytest.config.Config object at 0x7f947266ace0>
                val: null_pointer_exception.json
                argname: file_name
            finish pytest_make_parametrize_id --> None [hook]
          early skip of rewriting module: encodings.unicode_escape [assertion]
            pytest_make_parametrize_id [hook]
                config: <_pytest.config.Config object at 0x7f947266ace0>
                val: stdcm_track_discontinuity.json
                argname: file_name
            finish pytest_make_parametrize_id --> None [hook]
            pytest_make_parametrize_id [hook]
                config: <_pytest.config.Config object at 0x7f947266ace0>
                val: discontinuity_allowance_section.json
                argname: file_name
            finish pytest_make_parametrize_id --> None [hook]
            pytest_make_parametrize_id [hook]
                config: <_pytest.config.Config object at 0x7f947266ace0>
                val: stdcm_zero_time_delta.json
                argname: file_name
            finish pytest_make_parametrize_id --> None [hook]
            pytest_make_parametrize_id [hook]
                config: <_pytest.config.Config object at 0x7f947266ace0>
                val: search_space_discontinuity.json
                argname: file_name
            finish pytest_make_parametrize_id --> None [hook]
            pytest_make_parametrize_id [hook]
                config: <_pytest.config.Config object at 0x7f947266ace0>
                val: acceleration_assert.json
                argname: file_name
            finish pytest_make_parametrize_id --> None [hook]
            pytest_make_parametrize_id [hook]
                config: <_pytest.config.Config object at 0x7f947266ace0>
                val: stdcm_envelope_discontinuity.json
                argname: file_name
            finish pytest_make_parametrize_id --> None [hook]
            pytest_make_parametrize_id [hook]
                config: <_pytest.config.Config object at 0x7f947266ace0>
                val: envelope_sim_path_out_of_range.json
                argname: file_name
            finish pytest_make_parametrize_id --> None [hook]
            pytest_make_parametrize_id [hook]
                config: <_pytest.config.Config object at 0x7f947266ace0>
                val: allowance_speed_discontinuity_assert.json
                argname: file_name
            finish pytest_make_parametrize_id --> None [hook]
          finish pytest_generate_tests --> [] [hook]
        finish pytest_pycollect_makeitem --> [<Function test_regressions[null_pointer_exception.json]>, <Function test_regressions[stdcm_track_discontinuity.json]>, <Function test_regressions[discontinuity_allowance_section.json]>, <Function test_regressions[stdcm_zero_time_delta.json]>, <Function test_regressions[search_space_discontinuity.json]>, <Function test_regressions[acceleration_assert.json]>, <Function test_regressions[stdcm_envelope_discontinuity.json]>, <Function test_regressions[envelope_sim_path_out_of_range.json]>, <Function test_regressions[allowance_speed_discontinuity_assert.json]>] [hook]
      finish pytest_make_collect_report --> <CollectReport 'tests/test_regressions.py' lenresult=9 outcome='passed'> [hook]
    genitems <Function test_regressions[null_pointer_exception.json]> [collection]
      pytest_itemcollected [hook]
          item: <Function test_regressions[null_pointer_exception.json]>
      finish pytest_itemcollected --> [] [hook]
    genitems <Function test_regressions[stdcm_track_discontinuity.json]> [collection]
      pytest_itemcollected [hook]
          item: <Function test_regressions[stdcm_track_discontinuity.json]>
      finish pytest_itemcollected --> [] [hook]
    genitems <Function test_regressions[discontinuity_allowance_section.json]> [collection]
      pytest_itemcollected [hook]
          item: <Function test_regressions[discontinuity_allowance_section.json]>
      finish pytest_itemcollected --> [] [hook]
    genitems <Function test_regressions[stdcm_zero_time_delta.json]> [collection]
      pytest_itemcollected [hook]
          item: <Function test_regressions[stdcm_zero_time_delta.json]>
      finish pytest_itemcollected --> [] [hook]
    genitems <Function test_regressions[search_space_discontinuity.json]> [collection]
      pytest_itemcollected [hook]
          item: <Function test_regressions[search_space_discontinuity.json]>
      finish pytest_itemcollected --> [] [hook]
    genitems <Function test_regressions[acceleration_assert.json]> [collection]
      pytest_itemcollected [hook]
          item: <Function test_regressions[acceleration_assert.json]>
      finish pytest_itemcollected --> [] [hook]
    genitems <Function test_regressions[stdcm_envelope_discontinuity.json]> [collection]
      pytest_itemcollected [hook]
          item: <Function test_regressions[stdcm_envelope_discontinuity.json]>
      finish pytest_itemcollected --> [] [hook]
    genitems <Function test_regressions[envelope_sim_path_out_of_range.json]> [collection]
      pytest_itemcollected [hook]
          item: <Function test_regressions[envelope_sim_path_out_of_range.json]>
      finish pytest_itemcollected --> [] [hook]
    genitems <Function test_regressions[allowance_speed_discontinuity_assert.json]> [collection]
      pytest_itemcollected [hook]
          item: <Function test_regressions[allowance_speed_discontinuity_assert.json]>
      finish pytest_itemcollected --> [] [hook]
      pytest_collectreport [hook]
          report: <CollectReport 'tests/test_regressions.py' lenresult=9 outcome='passed'>
      finish pytest_collectreport --> [] [hook]
    genitems <Module test_rolling_stock.py> [collection]
      pytest_collectstart [hook]
          collector: <Module test_rolling_stock.py>
      finish pytest_collectstart --> [] [hook]
      pytest_make_collect_report [hook]
          collector: <Module test_rolling_stock.py>
      find_module called for: tests.test_rolling_stock [assertion]
      matched test file '/home/elow/web/www/osrd/tests/tests/test_rolling_stock.py' [assertion]
      found cached rewritten pyc for /home/elow/web/www/osrd/tests/tests/test_rolling_stock.py [assertion]
      early skip of rewriting module: osrd_schemas.rolling_stock [assertion]
        pytest_pycollect_makeitem [hook]
            collector: <Module test_rolling_stock.py>
            name: @py_builtins
            obj: <module 'builtins' (built-in)>
        finish pytest_pycollect_makeitem --> None [hook]
        pytest_pycollect_makeitem [hook]
            collector: <Module test_rolling_stock.py>
            name: @pytest_ar
            obj: <module '_pytest.assertion.rewrite' from '/home/elow/.cache/pypoetry/virtualenvs/tests-W4JHIXe3-py3.10/lib/python3.10/site-packages/_pytest/assertion/rewrite.py'>
        finish pytest_pycollect_makeitem --> None [hook]
        pytest_pycollect_makeitem [hook]
            collector: <Module test_rolling_stock.py>
            name: json
            obj: <module 'json' from '/usr/lib/python3.10/json/__init__.py'>
        finish pytest_pycollect_makeitem --> None [hook]
        pytest_pycollect_makeitem [hook]
            collector: <Module test_rolling_stock.py>
            name: pytest
            obj: <module 'pytest' from '/home/elow/.cache/pypoetry/virtualenvs/tests-W4JHIXe3-py3.10/lib/python3.10/site-packages/pytest/__init__.py'>
        finish pytest_pycollect_makeitem --> None [hook]
        pytest_pycollect_makeitem [hook]
            collector: <Module test_rolling_stock.py>
            name: requests
            obj: <module 'requests' from '/home/elow/.cache/pypoetry/virtualenvs/tests-W4JHIXe3-py3.10/lib/python3.10/site-packages/requests/__init__.py'>
        finish pytest_pycollect_makeitem --> None [hook]
        pytest_pycollect_makeitem [hook]
            collector: <Module test_rolling_stock.py>
            name: RollingStock
            obj: <class 'osrd_schemas.rolling_stock.RollingStock'>
        finish pytest_pycollect_makeitem --> None [hook]
        pytest_pycollect_makeitem [hook]
            collector: <Module test_rolling_stock.py>
            name: FAST_ROLLING_STOCK_JSON_PATH
            obj: /home/elow/web/www/osrd/editoast/src/tests/example_rolling_stock.json
        finish pytest_pycollect_makeitem --> None [hook]
        pytest_pycollect_makeitem [hook]
            collector: <Module test_rolling_stock.py>
            name: API_URL
            obj: http://localhost:8000/
        finish pytest_pycollect_makeitem --> None [hook]
        pytest_pycollect_makeitem [hook]
            collector: <Module test_rolling_stock.py>
            name: _FAST_ROLLING_STOCK
            obj: version='3.1' name='fast_rolling_stock' effort_curves=EffortCurves(modes={'thermal': ModeEffortCurves(curves=[], default_curve=EffortCurve(speeds=[0.0, 5.0, 10.0, 15.0, 20.0, 22.0, 27.0, 32.0, 37.0, 42.0, 47.0, 52.0, 57.0, 62.0, 67.0, 72.0, 77.0], max_efforts=[441666.6666666667, 439473.6842105263, 435714.28571428574, 427777.77777777775, 400000.0, 350971.5388299929, 347206.93642395496, 346938.7385068534, 344395.0325320009, 334314.2138640166, 313589.8108101956, 283584.5657113532, 250604.14937613969, 222698.71360301683, 204685.35097358702, 195984.55717992093, 192916.7642524637]), is_electric=False)}, default_mode='thermal') base_power_class='1' power_restrictions=None length=400.0 max_speed=80.0 startup_time=10.0 startup_acceleration=0.05 comfort_acceleration=0.25 gamma=Gamma(type=<GammaType.CONST: 'CONST'>, value=0.5) inertia_coefficient=1.05 features=['TVM300', 'TVM430', 'ETCS1', 'ETCS2', 'KVB'] mass=900000.0 rolling_resistance=RollingResistance(type='davis', A=5400.0, B=200.0, C=12.0) loading_gauge=<LoadingGaugeType.G1: 'G1'> metadata={'detail': '', 'number': '1', 'reference': '', 'family': '', 'type': '', 'grouping': '', 'series': '', 'subseries': '', 'unit': ''}
        finish pytest_pycollect_makeitem --> None [hook]
        pytest_pycollect_makeitem [hook]
            collector: <Module test_rolling_stock.py>
            name: test_get_rolling_stocks
            obj: <function test_get_rolling_stocks at 0x7f94713a7b50>
          pytest_generate_tests [hook]
              metafunc: <_pytest.python.Metafunc object at 0x7f9471218ca0>
          finish pytest_generate_tests --> [] [hook]
        finish pytest_pycollect_makeitem --> [<Function test_get_rolling_stocks>] [hook]
      finish pytest_make_collect_report --> <CollectReport 'tests/test_rolling_stock.py' lenresult=1 outcome='passed'> [hook]
    genitems <Function test_get_rolling_stocks> [collection]
      pytest_itemcollected [hook]
          item: <Function test_get_rolling_stocks>
      finish pytest_itemcollected --> [] [hook]
      pytest_collectreport [hook]
          report: <CollectReport 'tests/test_rolling_stock.py' lenresult=1 outcome='passed'>
      finish pytest_collectreport --> [] [hook]
    genitems <Module test_rtk_sync.py> [collection]
      pytest_collectstart [hook]
          collector: <Module test_rtk_sync.py>
      finish pytest_collectstart --> [] [hook]
      pytest_make_collect_report [hook]
          collector: <Module test_rtk_sync.py>
      find_module called for: tests.test_rtk_sync [assertion]
      matched test file '/home/elow/web/www/osrd/tests/tests/test_rtk_sync.py' [assertion]
      found cached rewritten pyc for /home/elow/web/www/osrd/tests/tests/test_rtk_sync.py [assertion]
        pytest_pycollect_makeitem [hook]
            collector: <Module test_rtk_sync.py>
            name: @py_builtins
            obj: <module 'builtins' (built-in)>
        finish pytest_pycollect_makeitem --> None [hook]
        pytest_pycollect_makeitem [hook]
            collector: <Module test_rtk_sync.py>
            name: @pytest_ar
            obj: <module '_pytest.assertion.rewrite' from '/home/elow/.cache/pypoetry/virtualenvs/tests-W4JHIXe3-py3.10/lib/python3.10/site-packages/_pytest/assertion/rewrite.py'>
        finish pytest_pycollect_makeitem --> None [hook]
        pytest_pycollect_makeitem [hook]
            collector: <Module test_rtk_sync.py>
            name: subprocess
            obj: <module 'subprocess' from '/usr/lib/python3.10/subprocess.py'>
        finish pytest_pycollect_makeitem --> None [hook]
        pytest_pycollect_makeitem [hook]
            collector: <Module test_rtk_sync.py>
            name: Path
            obj: <class 'pathlib.Path'>
        finish pytest_pycollect_makeitem --> None [hook]
        pytest_pycollect_makeitem [hook]
            collector: <Module test_rtk_sync.py>
            name: FRONT_FOLDER
            obj: /home/elow/web/www/osrd/front
        finish pytest_pycollect_makeitem --> None [hook]
        pytest_pycollect_makeitem [hook]
            collector: <Module test_rtk_sync.py>
            name: MIDDLEWARE_FOLDER
            obj: /home/elow/web/www/osrd/front/src/common/api
        finish pytest_pycollect_makeitem --> None [hook]
        pytest_pycollect_makeitem [hook]
            collector: <Module test_rtk_sync.py>
            name: MIDDLEWARE_FILES
            obj: {'api': PosixPath('/home/elow/web/www/osrd/front/src/common/api/osrdEditoastApi.ts'), 'editoast': PosixPath('/home/elow/web/www/osrd/front/src/common/api/osrdMiddlewareApi.ts')}
        finish pytest_pycollect_makeitem --> None [hook]
        pytest_pycollect_makeitem [hook]
            collector: <Module test_rtk_sync.py>
            name: test_rtk_middlewares_are_in_sync_with_openapi_files
            obj: <function test_rtk_middlewares_are_in_sync_with_openapi_files at 0x7f94713a7f40>
          pytest_generate_tests [hook]
              metafunc: <_pytest.python.Metafunc object at 0x7f9471218d00>
          finish pytest_generate_tests --> [] [hook]
        finish pytest_pycollect_makeitem --> [<Function test_rtk_middlewares_are_in_sync_with_openapi_files>] [hook]
      finish pytest_make_collect_report --> <CollectReport 'tests/test_rtk_sync.py' lenresult=1 outcome='passed'> [hook]
    genitems <Function test_rtk_middlewares_are_in_sync_with_openapi_files> [collection]
      pytest_itemcollected [hook]
          item: <Function test_rtk_middlewares_are_in_sync_with_openapi_files>
      finish pytest_itemcollected --> [] [hook]
      pytest_collectreport [hook]
          report: <CollectReport 'tests/test_rtk_sync.py' lenresult=1 outcome='passed'>
      finish pytest_collectreport --> [] [hook]
    genitems <Module test_scenario.py> [collection]
      pytest_collectstart [hook]
          collector: <Module test_scenario.py>
      finish pytest_collectstart --> [] [hook]
      pytest_make_collect_report [hook]
          collector: <Module test_scenario.py>
      find_module called for: tests.test_scenario [assertion]
      matched test file '/home/elow/web/www/osrd/tests/tests/test_scenario.py' [assertion]
      found cached rewritten pyc for /home/elow/web/www/osrd/tests/tests/test_scenario.py [assertion]
        pytest_pycollect_makeitem [hook]
            collector: <Module test_scenario.py>
            name: @py_builtins
            obj: <module 'builtins' (built-in)>
        finish pytest_pycollect_makeitem --> None [hook]
        pytest_pycollect_makeitem [hook]
            collector: <Module test_scenario.py>
            name: @pytest_ar
            obj: <module '_pytest.assertion.rewrite' from '/home/elow/.cache/pypoetry/virtualenvs/tests-W4JHIXe3-py3.10/lib/python3.10/site-packages/_pytest/assertion/rewrite.py'>
        finish pytest_pycollect_makeitem --> None [hook]
        pytest_pycollect_makeitem [hook]
            collector: <Module test_scenario.py>
            name: dataclass
            obj: <function dataclass at 0x7f9472c6d900>
        finish pytest_pycollect_makeitem --> None [hook]
        pytest_pycollect_makeitem [hook]
            collector: <Module test_scenario.py>
            name: Any
            obj: typing.Any
        finish pytest_pycollect_makeitem --> None [hook]
        pytest_pycollect_makeitem [hook]
            collector: <Module test_scenario.py>
            name: Iterable
            obj: typing.Iterable
        finish pytest_pycollect_makeitem --> None [hook]
        pytest_pycollect_makeitem [hook]
            collector: <Module test_scenario.py>
            name: Optional
            obj: typing.Optional
        finish pytest_pycollect_makeitem --> None [hook]
        pytest_pycollect_makeitem [hook]
            collector: <Module test_scenario.py>
            name: requests
            obj: <module 'requests' from '/home/elow/.cache/pypoetry/virtualenvs/tests-W4JHIXe3-py3.10/lib/python3.10/site-packages/requests/__init__.py'>
        finish pytest_pycollect_makeitem --> None [hook]
        pytest_pycollect_makeitem [hook]
            collector: <Module test_scenario.py>
            name: Scenario
            obj: <class 'tests.scenario.Scenario'>
        finish pytest_pycollect_makeitem --> None [hook]
        pytest_pycollect_makeitem [hook]
            collector: <Module test_scenario.py>
            name: EDITOAST_URL
            obj: http://localhost:8090/
        finish pytest_pycollect_makeitem --> None [hook]
        pytest_pycollect_makeitem [hook]
            collector: <Module test_scenario.py>
            name: _ScenarioResponse
            obj: <class 'tests.test_scenario._ScenarioResponse'>
        finish pytest_pycollect_makeitem --> None [hook]
        pytest_pycollect_makeitem [hook]
            collector: <Module test_scenario.py>
            name: test_get_scenario
            obj: <function test_get_scenario at 0x7f94713a6950>
          pytest_generate_tests [hook]
              metafunc: <_pytest.python.Metafunc object at 0x7f947123a710>
          finish pytest_generate_tests --> [] [hook]
        finish pytest_pycollect_makeitem --> [<Function test_get_scenario>] [hook]
      finish pytest_make_collect_report --> <CollectReport 'tests/test_scenario.py' lenresult=1 outcome='passed'> [hook]
    genitems <Function test_get_scenario> [collection]
      pytest_itemcollected [hook]
          item: <Function test_get_scenario>
      finish pytest_itemcollected --> [] [hook]
      pytest_collectreport [hook]
          report: <CollectReport 'tests/test_scenario.py' lenresult=1 outcome='passed'>
      finish pytest_collectreport --> [] [hook]
    genitems <Module test_simulation.py> [collection]
      pytest_collectstart [hook]
          collector: <Module test_simulation.py>
      finish pytest_collectstart --> [] [hook]
      pytest_make_collect_report [hook]
          collector: <Module test_simulation.py>
      find_module called for: tests.test_simulation [assertion]
      matched test file '/home/elow/web/www/osrd/tests/tests/test_simulation.py' [assertion]
      found cached rewritten pyc for /home/elow/web/www/osrd/tests/tests/test_simulation.py [assertion]
        pytest_pycollect_makeitem [hook]
            collector: <Module test_simulation.py>
            name: @py_builtins
            obj: <module 'builtins' (built-in)>
        finish pytest_pycollect_makeitem --> None [hook]
        pytest_pycollect_makeitem [hook]
            collector: <Module test_simulation.py>
            name: @pytest_ar
            obj: <module '_pytest.assertion.rewrite' from '/home/elow/.cache/pypoetry/virtualenvs/tests-W4JHIXe3-py3.10/lib/python3.10/site-packages/_pytest/assertion/rewrite.py'>
        finish pytest_pycollect_makeitem --> None [hook]
        pytest_pycollect_makeitem [hook]
            collector: <Module test_simulation.py>
            name: Iterable
            obj: typing.Iterable
        finish pytest_pycollect_makeitem --> None [hook]
        pytest_pycollect_makeitem [hook]
            collector: <Module test_simulation.py>
            name: test_west_to_south_east_simulation
            obj: <function test_west_to_south_east_simulation at 0x7f947123c310>
          pytest_generate_tests [hook]
              metafunc: <_pytest.python.Metafunc object at 0x7f94712392a0>
          finish pytest_generate_tests --> [] [hook]
        finish pytest_pycollect_makeitem --> [<Function test_west_to_south_east_simulation>] [hook]
      finish pytest_make_collect_report --> <CollectReport 'tests/test_simulation.py' lenresult=1 outcome='passed'> [hook]
    genitems <Function test_west_to_south_east_simulation> [collection]
      pytest_itemcollected [hook]
          item: <Function test_west_to_south_east_simulation>
      finish pytest_itemcollected --> [] [hook]
      pytest_collectreport [hook]
          report: <CollectReport 'tests/test_simulation.py' lenresult=1 outcome='passed'>
      finish pytest_collectreport --> [] [hook]
    genitems <Module test_stdcm.py> [collection]
      pytest_collectstart [hook]
          collector: <Module test_stdcm.py>
      finish pytest_collectstart --> [] [hook]
      pytest_make_collect_report [hook]
          collector: <Module test_stdcm.py>
      find_module called for: tests.test_stdcm [assertion]
      matched test file '/home/elow/web/www/osrd/tests/tests/test_stdcm.py' [assertion]
      found cached rewritten pyc for /home/elow/web/www/osrd/tests/tests/test_stdcm.py [assertion]
        pytest_pycollect_makeitem [hook]
            collector: <Module test_stdcm.py>
            name: @py_builtins
            obj: <module 'builtins' (built-in)>
        finish pytest_pycollect_makeitem --> None [hook]
        pytest_pycollect_makeitem [hook]
            collector: <Module test_stdcm.py>
            name: @pytest_ar
            obj: <module '_pytest.assertion.rewrite' from '/home/elow/.cache/pypoetry/virtualenvs/tests-W4JHIXe3-py3.10/lib/python3.10/site-packages/_pytest/assertion/rewrite.py'>
        finish pytest_pycollect_makeitem --> None [hook]
        pytest_pycollect_makeitem [hook]
            collector: <Module test_stdcm.py>
            name: json
            obj: <module 'json' from '/usr/lib/python3.10/json/__init__.py'>
        finish pytest_pycollect_makeitem --> None [hook]
        pytest_pycollect_makeitem [hook]
            collector: <Module test_stdcm.py>
            name: requests
            obj: <module 'requests' from '/home/elow/.cache/pypoetry/virtualenvs/tests-W4JHIXe3-py3.10/lib/python3.10/site-packages/requests/__init__.py'>
        finish pytest_pycollect_makeitem --> None [hook]
        pytest_pycollect_makeitem [hook]
            collector: <Module test_stdcm.py>
            name: create_op_study
            obj: <function create_op_study at 0x7f947132b490>
        finish pytest_pycollect_makeitem --> None [hook]
        pytest_pycollect_makeitem [hook]
            collector: <Module test_stdcm.py>
            name: create_scenario
            obj: <function create_scenario at 0x7f947132b2e0>
        finish pytest_pycollect_makeitem --> None [hook]
        pytest_pycollect_makeitem [hook]
            collector: <Module test_stdcm.py>
            name: Infra
            obj: <class 'tests.infra.Infra'>
        finish pytest_pycollect_makeitem --> None [hook]
        pytest_pycollect_makeitem [hook]
            collector: <Module test_stdcm.py>
            name: Path
            obj: <class 'tests.path.Path'>
        finish pytest_pycollect_makeitem --> None [hook]
        pytest_pycollect_makeitem [hook]
            collector: <Module test_stdcm.py>
            name: Scenario
            obj: <class 'tests.scenario.Scenario'>
        finish pytest_pycollect_makeitem --> None [hook]
        pytest_pycollect_makeitem [hook]
            collector: <Module test_stdcm.py>
            name: API_URL
            obj: http://localhost:8000/
        finish pytest_pycollect_makeitem --> None [hook]
        pytest_pycollect_makeitem [hook]
            collector: <Module test_stdcm.py>
            name: EDITOAST_URL
            obj: http://localhost:8090/
        finish pytest_pycollect_makeitem --> None [hook]
        pytest_pycollect_makeitem [hook]
            collector: <Module test_stdcm.py>
            name: _START
            obj: {'track_section': 'TA2', 'geo_coordinate': [-0.387122554630656, 49.4998]}
        finish pytest_pycollect_makeitem --> None [hook]
        pytest_pycollect_makeitem [hook]
            collector: <Module test_stdcm.py>
            name: _MIDDLE
            obj: {'track_section': 'TA5', 'geo_coordinate': [-0.387122554630656, 49.4998]}
        finish pytest_pycollect_makeitem --> None [hook]
        pytest_pycollect_makeitem [hook]
            collector: <Module test_stdcm.py>
            name: _STOP
            obj: {'track_section': 'TH1', 'geo_coordinate': [-0.095104854807785, 49.484]}
        finish pytest_pycollect_makeitem --> None [hook]
        pytest_pycollect_makeitem [hook]
            collector: <Module test_stdcm.py>
            name: _add_train
            obj: <function _add_train at 0x7f947123c3a0>
        finish pytest_pycollect_makeitem --> None [hook]
        pytest_pycollect_makeitem [hook]
            collector: <Module test_stdcm.py>
            name: test_empty_timetable
            obj: <function test_empty_timetable at 0x7f947123c550>
          pytest_generate_tests [hook]
              metafunc: <_pytest.python.Metafunc object at 0x7f9471238f70>
          finish pytest_generate_tests --> [] [hook]
        finish pytest_pycollect_makeitem --> [<Function test_empty_timetable>] [hook]
        pytest_pycollect_makeitem [hook]
            collector: <Module test_stdcm.py>
            name: test_empty_timetable_with_stop
            obj: <function test_empty_timetable_with_stop at 0x7f947123c5e0>
          pytest_generate_tests [hook]
              metafunc: <_pytest.python.Metafunc object at 0x7f9471238550>
          finish pytest_generate_tests --> [] [hook]
        finish pytest_pycollect_makeitem --> [<Function test_empty_timetable_with_stop>] [hook]
        pytest_pycollect_makeitem [hook]
            collector: <Module test_stdcm.py>
            name: test_between_trains
            obj: <function test_between_trains at 0x7f947123c670>
          pytest_generate_tests [hook]
              metafunc: <_pytest.python.Metafunc object at 0x7f947123b6d0>
          finish pytest_generate_tests --> [] [hook]
        finish pytest_pycollect_makeitem --> [<Function test_between_trains>] [hook]
      finish pytest_make_collect_report --> <CollectReport 'tests/test_stdcm.py' lenresult=3 outcome='passed'> [hook]
    genitems <Function test_empty_timetable> [collection]
      pytest_itemcollected [hook]
          item: <Function test_empty_timetable>
      finish pytest_itemcollected --> [] [hook]
    genitems <Function test_empty_timetable_with_stop> [collection]
      pytest_itemcollected [hook]
          item: <Function test_empty_timetable_with_stop>
      finish pytest_itemcollected --> [] [hook]
    genitems <Function test_between_trains> [collection]
      pytest_itemcollected [hook]
          item: <Function test_between_trains>
      finish pytest_itemcollected --> [] [hook]
      pytest_collectreport [hook]
          report: <CollectReport 'tests/test_stdcm.py' lenresult=3 outcome='passed'>
      finish pytest_collectreport --> [] [hook]
    genitems <Module test_timetable.py> [collection]
      pytest_collectstart [hook]
          collector: <Module test_timetable.py>
      finish pytest_collectstart --> [] [hook]
      pytest_make_collect_report [hook]
          collector: <Module test_timetable.py>
      find_module called for: tests.test_timetable [assertion]
      matched test file '/home/elow/web/www/osrd/tests/tests/test_timetable.py' [assertion]
      found cached rewritten pyc for /home/elow/web/www/osrd/tests/tests/test_timetable.py [assertion]
        pytest_pycollect_makeitem [hook]
            collector: <Module test_timetable.py>
            name: @py_builtins
            obj: <module 'builtins' (built-in)>
        finish pytest_pycollect_makeitem --> None [hook]
        pytest_pycollect_makeitem [hook]
            collector: <Module test_timetable.py>
            name: @pytest_ar
            obj: <module '_pytest.assertion.rewrite' from '/home/elow/.cache/pypoetry/virtualenvs/tests-W4JHIXe3-py3.10/lib/python3.10/site-packages/_pytest/assertion/rewrite.py'>
        finish pytest_pycollect_makeitem --> None [hook]
        pytest_pycollect_makeitem [hook]
            collector: <Module test_timetable.py>
            name: dataclass
            obj: <function dataclass at 0x7f9472c6d900>
        finish pytest_pycollect_makeitem --> None [hook]
        pytest_pycollect_makeitem [hook]
            collector: <Module test_timetable.py>
            name: Any
            obj: typing.Any
        finish pytest_pycollect_makeitem --> None [hook]
        pytest_pycollect_makeitem [hook]
            collector: <Module test_timetable.py>
            name: Iterable
            obj: typing.Iterable
        finish pytest_pycollect_makeitem --> None [hook]
        pytest_pycollect_makeitem [hook]
            collector: <Module test_timetable.py>
            name: Mapping
            obj: typing.Mapping
        finish pytest_pycollect_makeitem --> None [hook]
        pytest_pycollect_makeitem [hook]
            collector: <Module test_timetable.py>
            name: Optional
            obj: typing.Optional
        finish pytest_pycollect_makeitem --> None [hook]
        pytest_pycollect_makeitem [hook]
            collector: <Module test_timetable.py>
            name: pytest
            obj: <module 'pytest' from '/home/elow/.cache/pypoetry/virtualenvs/tests-W4JHIXe3-py3.10/lib/python3.10/site-packages/pytest/__init__.py'>
        finish pytest_pycollect_makeitem --> None [hook]
        pytest_pycollect_makeitem [hook]
            collector: <Module test_timetable.py>
            name: requests
            obj: <module 'requests' from '/home/elow/.cache/pypoetry/virtualenvs/tests-W4JHIXe3-py3.10/lib/python3.10/site-packages/requests/__init__.py'>
        finish pytest_pycollect_makeitem --> None [hook]
        pytest_pycollect_makeitem [hook]
            collector: <Module test_timetable.py>
            name: Path
            obj: <class 'tests.path.Path'>
        finish pytest_pycollect_makeitem --> None [hook]
        pytest_pycollect_makeitem [hook]
            collector: <Module test_timetable.py>
            name: Scenario
            obj: <class 'tests.scenario.Scenario'>
        finish pytest_pycollect_makeitem --> None [hook]
        pytest_pycollect_makeitem [hook]
            collector: <Module test_timetable.py>
            name: API_URL
            obj: http://localhost:8000/
        finish pytest_pycollect_makeitem --> None [hook]
        pytest_pycollect_makeitem [hook]
            collector: <Module test_timetable.py>
            name: EDITOAST_URL
            obj: http://localhost:8090/
        finish pytest_pycollect_makeitem --> None [hook]
        pytest_pycollect_makeitem [hook]
            collector: <Module test_timetable.py>
            name: _TrainScheduleDetails
            obj: <class 'tests.test_timetable._TrainScheduleDetails'>
        finish pytest_pycollect_makeitem --> None [hook]
        pytest_pycollect_makeitem [hook]
            collector: <Module test_timetable.py>
            name: _TimetableResponse
            obj: <class 'tests.test_timetable._TimetableResponse'>
        finish pytest_pycollect_makeitem --> None [hook]
        pytest_pycollect_makeitem [hook]
            collector: <Module test_timetable.py>
            name: _SimulationResponse
            obj: <class 'tests.test_timetable._SimulationResponse'>
        finish pytest_pycollect_makeitem --> None [hook]
        pytest_pycollect_makeitem [hook]
            collector: <Module test_timetable.py>
            name: _two_train_simulation_payload
            obj: <function _two_train_simulation_payload at 0x7f947123c940>
        finish pytest_pycollect_makeitem --> None [hook]
        pytest_pycollect_makeitem [hook]
            collector: <Module test_timetable.py>
            name: test_get_timetable
            obj: <function test_get_timetable at 0x7f947123d630>
          pytest_generate_tests [hook]
              metafunc: <_pytest.python.Metafunc object at 0x7f9471239510>
            pytest_make_parametrize_id [hook]
                config: <_pytest.config.Config object at 0x7f947266ace0>
                val: None
                argname: timetable_id
            finish pytest_make_parametrize_id --> None [hook]
            pytest_make_parametrize_id [hook]
                config: <_pytest.config.Config object at 0x7f947266ace0>
                val: 200
                argname: status_code
            finish pytest_make_parametrize_id --> None [hook]
            pytest_make_parametrize_id [hook]
                config: <_pytest.config.Config object at 0x7f947266ace0>
                val: -1
                argname: timetable_id
            finish pytest_make_parametrize_id --> None [hook]
            pytest_make_parametrize_id [hook]
                config: <_pytest.config.Config object at 0x7f947266ace0>
                val: 404
                argname: status_code
            finish pytest_make_parametrize_id --> None [hook]
            pytest_make_parametrize_id [hook]
                config: <_pytest.config.Config object at 0x7f947266ace0>
                val: http://localhost:8090/
                argname: service_url
            finish pytest_make_parametrize_id --> None [hook]
            pytest_make_parametrize_id [hook]
                config: <_pytest.config.Config object at 0x7f947266ace0>
                val: {'type': 'editoast:timetable:NotFound', 'context': {'timetable_id': -1}, 'message': "Timetable '-1', could not be found"}
                argname: expected_error
            finish pytest_make_parametrize_id --> None [hook]
            pytest_make_parametrize_id [hook]
                config: <_pytest.config.Config object at 0x7f947266ace0>
                val: http://localhost:8000/
                argname: service_url
            finish pytest_make_parametrize_id --> None [hook]
            pytest_make_parametrize_id [hook]
                config: <_pytest.config.Config object at 0x7f947266ace0>
                val: {'detail': 'Not found.'}
                argname: expected_error
            finish pytest_make_parametrize_id --> None [hook]
          finish pytest_generate_tests --> [] [hook]
        finish pytest_pycollect_makeitem --> [<Function test_get_timetable[None-200-http://localhost:8090/-expected_error0]>, <Function test_get_timetable[None-200-http://localhost:8000/-expected_error1]>, <Function test_get_timetable[-1-404-http://localhost:8090/-expected_error0]>, <Function test_get_timetable[-1-404-http://localhost:8000/-expected_error1]>] [hook]
      finish pytest_make_collect_report --> <CollectReport 'tests/test_timetable.py' lenresult=4 outcome='passed'> [hook]
    genitems <Function test_get_timetable[None-200-http://localhost:8090/-expected_error0]> [collection]
      pytest_itemcollected [hook]
          item: <Function test_get_timetable[None-200-http://localhost:8090/-expected_error0]>
      finish pytest_itemcollected --> [] [hook]
    genitems <Function test_get_timetable[None-200-http://localhost:8000/-expected_error1]> [collection]
      pytest_itemcollected [hook]
          item: <Function test_get_timetable[None-200-http://localhost:8000/-expected_error1]>
      finish pytest_itemcollected --> [] [hook]
    genitems <Function test_get_timetable[-1-404-http://localhost:8090/-expected_error0]> [collection]
      pytest_itemcollected [hook]
          item: <Function test_get_timetable[-1-404-http://localhost:8090/-expected_error0]>
      finish pytest_itemcollected --> [] [hook]
    genitems <Function test_get_timetable[-1-404-http://localhost:8000/-expected_error1]> [collection]
      pytest_itemcollected [hook]
          item: <Function test_get_timetable[-1-404-http://localhost:8000/-expected_error1]>
      finish pytest_itemcollected --> [] [hook]
      pytest_collectreport [hook]
          report: <CollectReport 'tests/test_timetable.py' lenresult=4 outcome='passed'>
      finish pytest_collectreport --> [] [hook]
    genitems <Module test_train_schedule.py> [collection]
      pytest_collectstart [hook]
          collector: <Module test_train_schedule.py>
      finish pytest_collectstart --> [] [hook]
      pytest_make_collect_report [hook]
          collector: <Module test_train_schedule.py>
      find_module called for: tests.test_train_schedule [assertion]
      matched test file '/home/elow/web/www/osrd/tests/tests/test_train_schedule.py' [assertion]
      found cached rewritten pyc for /home/elow/web/www/osrd/tests/tests/test_train_schedule.py [assertion]
        pytest_pycollect_makeitem [hook]
            collector: <Module test_train_schedule.py>
            name: @py_builtins
            obj: <module 'builtins' (built-in)>
        finish pytest_pycollect_makeitem --> None [hook]
        pytest_pycollect_makeitem [hook]
            collector: <Module test_train_schedule.py>
            name: @pytest_ar
            obj: <module '_pytest.assertion.rewrite' from '/home/elow/.cache/pypoetry/virtualenvs/tests-W4JHIXe3-py3.10/lib/python3.10/site-packages/_pytest/assertion/rewrite.py'>
        finish pytest_pycollect_makeitem --> None [hook]
        pytest_pycollect_makeitem [hook]
            collector: <Module test_train_schedule.py>
            name: json
            obj: <module 'json' from '/usr/lib/python3.10/json/__init__.py'>
        finish pytest_pycollect_makeitem --> None [hook]
        pytest_pycollect_makeitem [hook]
            collector: <Module test_train_schedule.py>
            name: Iterable
            obj: typing.Iterable
        finish pytest_pycollect_makeitem --> None [hook]
        pytest_pycollect_makeitem [hook]
            collector: <Module test_train_schedule.py>
            name: requests
            obj: <module 'requests' from '/home/elow/.cache/pypoetry/virtualenvs/tests-W4JHIXe3-py3.10/lib/python3.10/site-packages/requests/__init__.py'>
        finish pytest_pycollect_makeitem --> None [hook]
        pytest_pycollect_makeitem [hook]
            collector: <Module test_train_schedule.py>
            name: API_URL
            obj: http://localhost:8000/
        finish pytest_pycollect_makeitem --> None [hook]
        pytest_pycollect_makeitem [hook]
            collector: <Module test_train_schedule.py>
            name: _update_simulation_with_mareco_allowances
            obj: <function _update_simulation_with_mareco_allowances at 0x7f947123d7e0>
        finish pytest_pycollect_makeitem --> None [hook]
        pytest_pycollect_makeitem [hook]
            collector: <Module test_train_schedule.py>
            name: test_get_and_update_schedule_result
            obj: <function test_get_and_update_schedule_result at 0x7f947123d870>
          pytest_generate_tests [hook]
              metafunc: <_pytest.python.Metafunc object at 0x7f947123a290>
          finish pytest_generate_tests --> [] [hook]
        finish pytest_pycollect_makeitem --> [<Function test_get_and_update_schedule_result>] [hook]
      finish pytest_make_collect_report --> <CollectReport 'tests/test_train_schedule.py' lenresult=1 outcome='passed'> [hook]
    genitems <Function test_get_and_update_schedule_result> [collection]
      pytest_itemcollected [hook]
          item: <Function test_get_and_update_schedule_result>
      finish pytest_itemcollected --> [] [hook]
      pytest_collectreport [hook]
          report: <CollectReport 'tests/test_train_schedule.py' lenresult=1 outcome='passed'>
      finish pytest_collectreport --> [] [hook]
    genitems <Module test_version.py> [collection]
      pytest_collectstart [hook]
          collector: <Module test_version.py>
      finish pytest_collectstart --> [] [hook]
      pytest_make_collect_report [hook]
          collector: <Module test_version.py>
      find_module called for: tests.test_version [assertion]
      matched test file '/home/elow/web/www/osrd/tests/tests/test_version.py' [assertion]
      found cached rewritten pyc for /home/elow/web/www/osrd/tests/tests/test_version.py [assertion]
        pytest_pycollect_makeitem [hook]
            collector: <Module test_version.py>
            name: @py_builtins
            obj: <module 'builtins' (built-in)>
        finish pytest_pycollect_makeitem --> None [hook]
        pytest_pycollect_makeitem [hook]
            collector: <Module test_version.py>
            name: @pytest_ar
            obj: <module '_pytest.assertion.rewrite' from '/home/elow/.cache/pypoetry/virtualenvs/tests-W4JHIXe3-py3.10/lib/python3.10/site-packages/_pytest/assertion/rewrite.py'>
        finish pytest_pycollect_makeitem --> None [hook]
        pytest_pycollect_makeitem [hook]
            collector: <Module test_version.py>
            name: pytest
            obj: <module 'pytest' from '/home/elow/.cache/pypoetry/virtualenvs/tests-W4JHIXe3-py3.10/lib/python3.10/site-packages/pytest/__init__.py'>
        finish pytest_pycollect_makeitem --> None [hook]
        pytest_pycollect_makeitem [hook]
            collector: <Module test_version.py>
            name: requests
            obj: <module 'requests' from '/home/elow/.cache/pypoetry/virtualenvs/tests-W4JHIXe3-py3.10/lib/python3.10/site-packages/requests/__init__.py'>
        finish pytest_pycollect_makeitem --> None [hook]
        pytest_pycollect_makeitem [hook]
            collector: <Module test_version.py>
            name: API_URL
            obj: http://localhost:8000/
        finish pytest_pycollect_makeitem --> None [hook]
        pytest_pycollect_makeitem [hook]
            collector: <Module test_version.py>
            name: test_version_endpoint
            obj: <function test_version_endpoint at 0x7f947123c820>
          pytest_generate_tests [hook]
              metafunc: <_pytest.python.Metafunc object at 0x7f947123a2f0>
            pytest_make_parametrize_id [hook]
                config: <_pytest.config.Config object at 0x7f947266ace0>
                val: api/
                argname: endpoint
            finish pytest_make_parametrize_id --> None [hook]
            pytest_make_parametrize_id [hook]
                config: <_pytest.config.Config object at 0x7f947266ace0>
                val: core/
                argname: endpoint
            finish pytest_make_parametrize_id --> None [hook]
          finish pytest_generate_tests --> [] [hook]
        finish pytest_pycollect_makeitem --> [<Function test_version_endpoint[api/]>, <Function test_version_endpoint[core/]>] [hook]
      finish pytest_make_collect_report --> <CollectReport 'tests/test_version.py' lenresult=2 outcome='passed'> [hook]
    genitems <Function test_version_endpoint[api/]> [collection]
      pytest_itemcollected [hook]
          item: <Function test_version_endpoint[api/]>
      finish pytest_itemcollected --> [] [hook]
    genitems <Function test_version_endpoint[core/]> [collection]
      pytest_itemcollected [hook]
          item: <Function test_version_endpoint[core/]>
      finish pytest_itemcollected --> [] [hook]
      pytest_collectreport [hook]
          report: <CollectReport 'tests/test_version.py' lenresult=2 outcome='passed'>
      finish pytest_collectreport --> [] [hook]
    genitems <Module test_with_fuzzer.py> [collection]
      pytest_collectstart [hook]
          collector: <Module test_with_fuzzer.py>
      finish pytest_collectstart --> [] [hook]
      pytest_make_collect_report [hook]
          collector: <Module test_with_fuzzer.py>
      find_module called for: tests.test_with_fuzzer [assertion]
      matched test file '/home/elow/web/www/osrd/tests/tests/test_with_fuzzer.py' [assertion]
      found cached rewritten pyc for /home/elow/web/www/osrd/tests/tests/test_with_fuzzer.py [assertion]
      early skip of rewriting module: fuzzer [assertion]
        pytest_pycollect_makeitem [hook]
            collector: <Module test_with_fuzzer.py>
            name: @py_builtins
            obj: <module 'builtins' (built-in)>
        finish pytest_pycollect_makeitem --> None [hook]
        pytest_pycollect_makeitem [hook]
            collector: <Module test_with_fuzzer.py>
            name: @pytest_ar
            obj: <module '_pytest.assertion.rewrite' from '/home/elow/.cache/pypoetry/virtualenvs/tests-W4JHIXe3-py3.10/lib/python3.10/site-packages/_pytest/assertion/rewrite.py'>
        finish pytest_pycollect_makeitem --> None [hook]
        pytest_pycollect_makeitem [hook]
            collector: <Module test_with_fuzzer.py>
            name: sys
            obj: <module 'sys' (built-in)>
        finish pytest_pycollect_makeitem --> None [hook]
        pytest_pycollect_makeitem [hook]
            collector: <Module test_with_fuzzer.py>
            name: Path
            obj: <class 'pathlib.Path'>
        finish pytest_pycollect_makeitem --> None [hook]
        pytest_pycollect_makeitem [hook]
            collector: <Module test_with_fuzzer.py>
            name: pytest
            obj: <module 'pytest' from '/home/elow/.cache/pypoetry/virtualenvs/tests-W4JHIXe3-py3.10/lib/python3.10/site-packages/pytest/__init__.py'>
        finish pytest_pycollect_makeitem --> None [hook]
        pytest_pycollect_makeitem [hook]
            collector: <Module test_with_fuzzer.py>
            name: Scenario
            obj: <class 'tests.scenario.Scenario'>
        finish pytest_pycollect_makeitem --> None [hook]
        pytest_pycollect_makeitem [hook]
            collector: <Module test_with_fuzzer.py>
            name: API_URL
            obj: http://localhost:8000/
        finish pytest_pycollect_makeitem --> None [hook]
        pytest_pycollect_makeitem [hook]
            collector: <Module test_with_fuzzer.py>
            name: fuzzer
            obj: <module 'fuzzer' from '/home/elow/web/www/osrd/tests/fuzzer/fuzzer.py'>
        finish pytest_pycollect_makeitem --> None [hook]
        pytest_pycollect_makeitem [hook]
            collector: <Module test_with_fuzzer.py>
            name: test_with_fuzzer
            obj: <function test_with_fuzzer at 0x7f947123dc60>
          pytest_generate_tests [hook]
              metafunc: <_pytest.python.Metafunc object at 0x7f9471239630>
            pytest_make_parametrize_id [hook]
                config: <_pytest.config.Config object at 0x7f947266ace0>
                val: 0
                argname: seed
            finish pytest_make_parametrize_id --> None [hook]
            pytest_make_parametrize_id [hook]
                config: <_pytest.config.Config object at 0x7f947266ace0>
                val: 1
                argname: seed
            finish pytest_make_parametrize_id --> None [hook]
            pytest_make_parametrize_id [hook]
                config: <_pytest.config.Config object at 0x7f947266ace0>
                val: 2
                argname: seed
            finish pytest_make_parametrize_id --> None [hook]
            pytest_make_parametrize_id [hook]
                config: <_pytest.config.Config object at 0x7f947266ace0>
                val: 3
                argname: seed
            finish pytest_make_parametrize_id --> None [hook]
            pytest_make_parametrize_id [hook]
                config: <_pytest.config.Config object at 0x7f947266ace0>
                val: 4
                argname: seed
            finish pytest_make_parametrize_id --> None [hook]
          finish pytest_generate_tests --> [] [hook]
        finish pytest_pycollect_makeitem --> [<Function test_with_fuzzer[0]>, <Function test_with_fuzzer[1]>, <Function test_with_fuzzer[2]>, <Function test_with_fuzzer[3]>, <Function test_with_fuzzer[4]>] [hook]
      finish pytest_make_collect_report --> <CollectReport 'tests/test_with_fuzzer.py' lenresult=5 outcome='passed'> [hook]
    genitems <Function test_with_fuzzer[0]> [collection]
      pytest_itemcollected [hook]
          item: <Function test_with_fuzzer[0]>
      finish pytest_itemcollected --> [] [hook]
    genitems <Function test_with_fuzzer[1]> [collection]
      pytest_itemcollected [hook]
          item: <Function test_with_fuzzer[1]>
      finish pytest_itemcollected --> [] [hook]
    genitems <Function test_with_fuzzer[2]> [collection]
      pytest_itemcollected [hook]
          item: <Function test_with_fuzzer[2]>
      finish pytest_itemcollected --> [] [hook]
    genitems <Function test_with_fuzzer[3]> [collection]
      pytest_itemcollected [hook]
          item: <Function test_with_fuzzer[3]>
      finish pytest_itemcollected --> [] [hook]
    genitems <Function test_with_fuzzer[4]> [collection]
      pytest_itemcollected [hook]
          item: <Function test_with_fuzzer[4]>
      finish pytest_itemcollected --> [] [hook]
      pytest_collectreport [hook]
          report: <CollectReport 'tests/test_with_fuzzer.py' lenresult=5 outcome='passed'>
      finish pytest_collectreport --> [] [hook]
      pytest_collectreport [hook]
          report: <CollectReport 'tests/__init__.py' lenresult=14 outcome='passed'>
      finish pytest_collectreport --> [] [hook]
    genitems <Package utils> [collection]
      pytest_collectstart [hook]
          collector: <Package utils>
      finish pytest_collectstart --> [] [hook]
      pytest_make_collect_report [hook]
          collector: <Package utils>
        pytest_ignore_collect [hook]
            config: <_pytest.config.Config object at 0x7f947266ace0>
            collection_path: /home/elow/web/www/osrd/tests/tests/utils/schedule.py
            path: /home/elow/web/www/osrd/tests/tests/utils/schedule.py
        finish pytest_ignore_collect --> None [hook]
        pytest_collect_file [hook]
            parent: <Package utils>
            file_path: /home/elow/web/www/osrd/tests/tests/utils/schedule.py
            path: /home/elow/web/www/osrd/tests/tests/utils/schedule.py
        finish pytest_collect_file --> [] [hook]
        pytest_ignore_collect [hook]
            config: <_pytest.config.Config object at 0x7f947266ace0>
            collection_path: /home/elow/web/www/osrd/tests/tests/utils/stdcm.py
            path: /home/elow/web/www/osrd/tests/tests/utils/stdcm.py
        finish pytest_ignore_collect --> None [hook]
        pytest_collect_file [hook]
            parent: <Package utils>
            file_path: /home/elow/web/www/osrd/tests/tests/utils/stdcm.py
            path: /home/elow/web/www/osrd/tests/tests/utils/stdcm.py
        finish pytest_collect_file --> [] [hook]
        pytest_ignore_collect [hook]
            config: <_pytest.config.Config object at 0x7f947266ace0>
            collection_path: /home/elow/web/www/osrd/tests/tests/utils/timetable.py
            path: /home/elow/web/www/osrd/tests/tests/utils/timetable.py
        finish pytest_ignore_collect --> None [hook]
        pytest_collect_file [hook]
            parent: <Package utils>
            file_path: /home/elow/web/www/osrd/tests/tests/utils/timetable.py
            path: /home/elow/web/www/osrd/tests/tests/utils/timetable.py
        finish pytest_collect_file --> [] [hook]
      finish pytest_make_collect_report --> <CollectReport 'tests/utils/__init__.py' lenresult=0 outcome='passed'> [hook]
      pytest_collectreport [hook]
          report: <CollectReport 'tests/utils/__init__.py' lenresult=0 outcome='passed'>
      finish pytest_collectreport --> [] [hook]
      pytest_collection_modifyitems [hook]
          session: <Session tests exitstatus=<ExitCode.OK: 0> testsfailed=0 testscollected=0>
          config: <_pytest.config.Config object at 0x7f947266ace0>
          items: [<Function test_api_root>, <Function test_e2e>, <Function test_get_infra>, <Function test_west_to_south_east_path>, <Function test_regressions[null_pointer_exception.json]>, <Function test_regressions[stdcm_track_discontinuity.json]>, <Function test_regressions[discontinuity_allowance_section.json]>, <Function test_regressions[stdcm_zero_time_delta.json]>, <Function test_regressions[search_space_discontinuity.json]>, <Function test_regressions[acceleration_assert.json]>, <Function test_regressions[stdcm_envelope_discontinuity.json]>, <Function test_regressions[envelope_sim_path_out_of_range.json]>, <Function test_regressions[allowance_speed_discontinuity_assert.json]>, <Function test_get_rolling_stocks>, <Function test_rtk_middlewares_are_in_sync_with_openapi_files>, <Function test_get_scenario>, <Function test_west_to_south_east_simulation>, <Function test_empty_timetable>, <Function test_empty_timetable_with_stop>, <Function test_between_trains>, <Function test_get_timetable[None-200-http://localhost:8090/-expected_error0]>, <Function test_get_timetable[None-200-http://localhost:8000/-expected_error1]>, <Function test_get_timetable[-1-404-http://localhost:8090/-expected_error0]>, <Function test_get_timetable[-1-404-http://localhost:8000/-expected_error1]>, <Function test_get_and_update_schedule_result>, <Function test_version_endpoint[api/]>, <Function test_version_endpoint[core/]>, <Function test_with_fuzzer[0]>, <Function test_with_fuzzer[1]>, <Function test_with_fuzzer[2]>, <Function test_with_fuzzer[3]>, <Function test_with_fuzzer[4]>]
        pytest_deselected [hook]
            items: [<Function test_api_root>, <Function test_get_infra>, <Function test_west_to_south_east_path>, <Function test_regressions[null_pointer_exception.json]>, <Function test_regressions[stdcm_track_discontinuity.json]>, <Function test_regressions[discontinuity_allowance_section.json]>, <Function test_regressions[stdcm_zero_time_delta.json]>, <Function test_regressions[search_space_discontinuity.json]>, <Function test_regressions[acceleration_assert.json]>, <Function test_regressions[stdcm_envelope_discontinuity.json]>, <Function test_regressions[envelope_sim_path_out_of_range.json]>, <Function test_regressions[allowance_speed_discontinuity_assert.json]>, <Function test_get_rolling_stocks>, <Function test_rtk_middlewares_are_in_sync_with_openapi_files>, <Function test_get_scenario>, <Function test_west_to_south_east_simulation>, <Function test_empty_timetable>, <Function test_empty_timetable_with_stop>, <Function test_between_trains>, <Function test_get_timetable[None-200-http://localhost:8090/-expected_error0]>, <Function test_get_timetable[None-200-http://localhost:8000/-expected_error1]>, <Function test_get_timetable[-1-404-http://localhost:8090/-expected_error0]>, <Function test_get_timetable[-1-404-http://localhost:8000/-expected_error1]>, <Function test_get_and_update_schedule_result>, <Function test_version_endpoint[api/]>, <Function test_version_endpoint[core/]>, <Function test_with_fuzzer[0]>, <Function test_with_fuzzer[1]>, <Function test_with_fuzzer[2]>, <Function test_with_fuzzer[3]>, <Function test_with_fuzzer[4]>]
        finish pytest_deselected --> [] [hook]
      finish pytest_collection_modifyitems --> [] [hook]
      pytest_collection_finish [hook]
          session: <Session tests exitstatus=<ExitCode.OK: 0> testsfailed=0 testscollected=0>
        pytest_report_collectionfinish [hook]
            config: <_pytest.config.Config object at 0x7f947266ace0>
            items: [<Function test_e2e>]
            start_path: /home/elow/web/www/osrd/tests
            startdir: /home/elow/web/www/osrd/tests
        finish pytest_report_collectionfinish --> [] [hook]
      finish pytest_collection_finish --> [] [hook]
      pytest_warning_recorded [hook]
          warning_message: {message : PytestUnknownMarkWarning('Unknown pytest.mark.e2e - is this a typo?  You can register custom marks to avoid this warning - for details, see https://docs.pytest.org/en/stable/how-to/mark.html'), category : 'PytestUnknownMarkWarning', filename : '/home/elow/web/www/osrd/tests/tests/test_e2e.py', lineno : 7, line : None}
          nodeid: 
          when: collect
          location: None
      finish pytest_warning_recorded --> [] [hook]
      pytest_warning_recorded [hook]
          warning_message: {message : PytestUnknownMarkWarning('Unknown pytest.mark.names_and_metadata - is this a typo?  You can register custom marks to avoid this warning - for details, see https://docs.pytest.org/en/stable/how-to/mark.html'), category : 'PytestUnknownMarkWarning', filename : '/home/elow/web/www/osrd/tests/tests/test_e2e.py', lineno : 8, line : None}
          nodeid: 
          when: collect
          location: None
      finish pytest_warning_recorded --> [] [hook]
    finish pytest_collection --> None [hook]
    pytest_runtestloop [hook]
        session: <Session tests exitstatus=<ExitCode.OK: 0> testsfailed=0 testscollected=1>
      pytest_runtest_protocol [hook]
          item: <Function test_e2e>
          nextitem: None
        pytest_runtest_logstart [hook]
            nodeid: tests/test_e2e.py::test_e2e
            location: ('tests/test_e2e.py', 6, 'test_e2e')
        finish pytest_runtest_logstart --> [] [hook]
        pytest_runtest_setup [hook]
            item: <Function test_e2e>
          pytest_fixture_setup [hook]
              fixturedef: <FixtureDef argname='small_infra' scope='session' baseid=''>
              request: <SubRequest 'small_infra' for <Function test_e2e>>
          finish pytest_fixture_setup --> Infra(id=10, name='small_infra') [hook]
          pytest_fixture_setup [hook]
              fixturedef: <FixtureDef argname='foo_project_id' scope='function' baseid=''>
              request: <SubRequest 'foo_project_id' for <Function test_e2e>>
          early skip of rewriting module: netrc [assertion]
          finish pytest_fixture_setup --> 12 [hook]
          pytest_fixture_setup [hook]
              fixturedef: <FixtureDef argname='foo_study_id' scope='function' baseid=''>
              request: <SubRequest 'foo_study_id' for <Function test_e2e>>
          finish pytest_fixture_setup --> 10 [hook]
          pytest_fixture_setup [hook]
              fixturedef: <FixtureDef argname='small_scenario' scope='function' baseid=''>
              request: <SubRequest 'small_scenario' for <Function test_e2e>>
          finish pytest_fixture_setup --> Scenario(project=12, op_study=10, scenario=17, infra=10, timetable=20) [hook]
          pytest_fixture_setup [hook]
              fixturedef: <FixtureDef argname='fast_rolling_stocks' scope='function' baseid=''>
              request: <SubRequest 'fast_rolling_stocks' for <Function test_e2e>>
          finish pytest_fixture_setup --> [449, 450, 451] [hook]
        finish pytest_runtest_setup --> [] [hook]
        pytest_runtest_makereport [hook]
            item: <Function test_e2e>
            call: <CallInfo when='setup' result: []>
        finish pytest_runtest_makereport --> <TestReport 'tests/test_e2e.py::test_e2e' when='setup' outcome='passed'> [hook]
        pytest_runtest_logreport [hook]
            report: <TestReport 'tests/test_e2e.py::test_e2e' when='setup' outcome='passed'>
          pytest_report_teststatus [hook]
              report: <TestReport 'tests/test_e2e.py::test_e2e' when='setup' outcome='passed'>
              config: <_pytest.config.Config object at 0x7f947266ace0>
          finish pytest_report_teststatus --> ('', '', '') [hook]
        finish pytest_runtest_logreport --> [] [hook]
        pytest_runtest_call [hook]
            item: <Function test_e2e>
          pytest_pyfunc_call [hook]
              pyfuncitem: <Function test_e2e>
            pytest_assertrepr_compare [hook]
                config: <_pytest.config.Config object at 0x7f947266ace0>
                op: ==
                left: 1
                right: 0
            finish pytest_assertrepr_compare --> [] [hook]
        pytest_runtest_makereport [hook]
            item: <Function test_e2e>
            call: <CallInfo when='call' excinfo=<ExceptionInfo AssertionError("assert 1 == 0\n +  where 1 = CompletedProcess(args=['yarn', '--cwd', 'front', 'playwright', 'test', '--reporter=line'], returncode=1).returncode") tblen=25>>
        finish pytest_runtest_makereport --> <TestReport 'tests/test_e2e.py::test_e2e' when='call' outcome='failed'> [hook]
        pytest_runtest_logreport [hook]
            report: <TestReport 'tests/test_e2e.py::test_e2e' when='call' outcome='failed'>
          pytest_report_teststatus [hook]
              report: <TestReport 'tests/test_e2e.py::test_e2e' when='call' outcome='failed'>
              config: <_pytest.config.Config object at 0x7f947266ace0>
          finish pytest_report_teststatus --> ('failed', 'F', 'FAILED') [hook]
        finish pytest_runtest_logreport --> [] [hook]
        pytest_exception_interact [hook]
            node: <Function test_e2e>
            call: <CallInfo when='call' excinfo=<ExceptionInfo AssertionError("assert 1 == 0\n +  where 1 = CompletedProcess(args=['yarn', '--cwd', 'front', 'playwright', 'test', '--reporter=line'], returncode=1).returncode") tblen=1>>
            report: <TestReport 'tests/test_e2e.py::test_e2e' when='call' outcome='failed'>
        finish pytest_exception_interact --> [] [hook]
        pytest_runtest_teardown [hook]
            item: <Function test_e2e>
            nextitem: None
          pytest_fixture_post_finalizer [hook]
              fixturedef: <FixtureDef argname='fast_rolling_stocks' scope='function' baseid=''>
              request: <SubRequest 'fast_rolling_stocks' for <Function test_e2e>>
          finish pytest_fixture_post_finalizer --> [] [hook]
          pytest_fixture_post_finalizer [hook]
              fixturedef: <FixtureDef argname='small_scenario' scope='function' baseid=''>
              request: <SubRequest 'small_scenario' for <Function test_e2e>>
          finish pytest_fixture_post_finalizer --> [] [hook]
          pytest_fixture_post_finalizer [hook]
              fixturedef: <FixtureDef argname='small_scenario' scope='function' baseid=''>
              request: <SubRequest 'small_scenario' for <Function test_e2e>>
          finish pytest_fixture_post_finalizer --> [] [hook]
          pytest_fixture_post_finalizer [hook]
              fixturedef: <FixtureDef argname='foo_study_id' scope='function' baseid=''>
              request: <SubRequest 'foo_study_id' for <Function test_e2e>>
          finish pytest_fixture_post_finalizer --> [] [hook]
          pytest_fixture_post_finalizer [hook]
              fixturedef: <FixtureDef argname='foo_study_id' scope='function' baseid=''>
              request: <SubRequest 'foo_study_id' for <Function test_e2e>>
          finish pytest_fixture_post_finalizer --> [] [hook]
          pytest_fixture_post_finalizer [hook]
              fixturedef: <FixtureDef argname='small_scenario' scope='function' baseid=''>
              request: <SubRequest 'small_scenario' for <Function test_e2e>>
          finish pytest_fixture_post_finalizer --> [] [hook]
          pytest_fixture_post_finalizer [hook]
              fixturedef: <FixtureDef argname='foo_project_id' scope='function' baseid=''>
              request: <SubRequest 'foo_project_id' for <Function test_e2e>>
          finish pytest_fixture_post_finalizer --> [] [hook]
          pytest_fixture_post_finalizer [hook]
              fixturedef: <FixtureDef argname='small_scenario' scope='function' baseid=''>
              request: <SubRequest 'small_scenario' for <Function test_e2e>>
          finish pytest_fixture_post_finalizer --> [] [hook]
          pytest_fixture_post_finalizer [hook]
              fixturedef: <FixtureDef argname='small_infra' scope='session' baseid=''>
              request: <SubRequest 'small_infra' for <Function test_e2e>>
          finish pytest_fixture_post_finalizer --> [] [hook]
        finish pytest_runtest_teardown --> [] [hook]
        pytest_runtest_makereport [hook]
            item: <Function test_e2e>
            call: <CallInfo when='teardown' result: []>
        finish pytest_runtest_makereport --> <TestReport 'tests/test_e2e.py::test_e2e' when='teardown' outcome='passed'> [hook]
        pytest_runtest_logreport [hook]
            report: <TestReport 'tests/test_e2e.py::test_e2e' when='teardown' outcome='passed'>
          pytest_report_teststatus [hook]
              report: <TestReport 'tests/test_e2e.py::test_e2e' when='teardown' outcome='passed'>
              config: <_pytest.config.Config object at 0x7f947266ace0>
          finish pytest_report_teststatus --> ('', '', '') [hook]
        finish pytest_runtest_logreport --> [] [hook]
        pytest_runtest_logfinish [hook]
            nodeid: tests/test_e2e.py::test_e2e
            location: ('tests/test_e2e.py', 6, 'test_e2e')
        finish pytest_runtest_logfinish --> [] [hook]
      finish pytest_runtest_protocol --> True [hook]
    finish pytest_runtestloop --> True [hook]
    pytest_sessionfinish [hook]
        session: <Session tests exitstatus=<ExitCode.TESTS_FAILED: 1> testsfailed=1 testscollected=1>
        exitstatus: 1
      pytest_terminal_summary [hook]
          terminalreporter: <_pytest.terminal.TerminalReporter object at 0x7f9471358580>
          exitstatus: 1
          config: <_pytest.config.Config object at 0x7f947266ace0>
      early skip of rewriting module: pygments [assertion]
        pytest_report_teststatus [hook]
            report: <TestReport 'tests/test_e2e.py::test_e2e' when='call' outcome='failed'>
            config: <_pytest.config.Config object at 0x7f947266ace0>
        finish pytest_report_teststatus --> ('failed', 'F', 'FAILED') [hook]
      finish pytest_terminal_summary --> [] [hook]
    finish pytest_sessionfinish --> [] [hook]
    pytest_unconfigure [hook]
        config: <_pytest.config.Config object at 0x7f947266ace0>
    finish pytest_unconfigure --> [] [hook]
